#
# There is insufficient memory for the Java Runtime Environment to continue.
# Native memory allocation (mmap) failed to map 1048576 bytes for G1 virtual space
# Possible reasons:
#   The system is out of physical RAM or swap space
#   The process is running with CompressedOops enabled, and the Java Heap may be blocking the growth of the native heap
# Possible solutions:
#   Reduce memory load on the system
#   Increase physical memory or swap space
#   Check if swap backing store is full
#   Decrease Java heap size (-Xmx/-Xms)
#   Decrease number of Java threads
#   Decrease Java thread stack sizes (-Xss)
#   Set larger code cache with -XX:ReservedCodeCacheSize=
#   JVM is running with Unscaled Compressed Oops mode in which the Java heap is
#     placed in the first 4GB address space. The Java Heap base address is the
#     maximum limit for the native heap growth. Please use -XX:HeapBaseMinAddress
#     to set the Java Heap base and to place the Java Heap above 4GB virtual address.
# This output file may be truncated or incomplete.
#
#  Out of Memory Error (os_windows.cpp:3530), pid=16556, tid=5992
#
# JRE version: Java(TM) SE Runtime Environment (18.0.1+10) (build 18.0.1+10-24)
# Java VM: Java HotSpot(TM) 64-Bit Server VM (18.0.1+10-24, mixed mode, sharing, tiered, compressed oops, compressed class ptrs, g1 gc, windows-amd64)
# No core dump will be written. Minidumps are not enabled by default on client versions of Windows
#

---------------  S U M M A R Y ------------

Command Line: -javaagent:C:\Program Files\JetBrains\IntelliJ IDEA Community Edition 2022.1.3\lib\idea_rt.jar=56656:C:\Program Files\JetBrains\IntelliJ IDEA Community Edition 2022.1.3\bin -Dfile.encoding=UTF-8 JavaCW2022.Main

Host: Intel(R) Core(TM) i5-10210U CPU @ 1.60GHz, 8 cores, 3G,  Windows 10 , 64 bit Build 19041 (10.0.19041.2364)
Time: Sat Jan  7 19:15:42 2023 Sri Lanka Standard Time elapsed time: 9.812409 seconds (0d 0h 0m 9s)

---------------  T H R E A D  ---------------

Current thread (0x00000204e2a54720):  JavaThread "Image Fetcher 0" daemon [_thread_in_vm, id=5992, stack(0x000000a1c4500000,0x000000a1c4600000)]

Stack: [0x000000a1c4500000,0x000000a1c4600000]
Native frames: (J=compiled Java code, j=interpreted, Vv=VM code, C=native code)
V  [jvm.dll+0x69887a]
V  [jvm.dll+0x7f38bd]
V  [jvm.dll+0x7f51ce]
V  [jvm.dll+0x7f5883]
V  [jvm.dll+0x25ca3f]
V  [jvm.dll+0x6957c9]
V  [jvm.dll+0x68a2fa]
V  [jvm.dll+0x321efb]
V  [jvm.dll+0x3298d6]
V  [jvm.dll+0x37e16b]
V  [jvm.dll+0x37e794]
V  [jvm.dll+0x37e346]
V  [jvm.dll+0x2fa284]
V  [jvm.dll+0x2f8256]
V  [jvm.dll+0x62d3e3]
V  [jvm.dll+0x2278e2]
V  [jvm.dll+0x7bb047]
V  [jvm.dll+0x3a2faa]
C  0x00000204c9ceb90d

Java frames: (J=compiled Java code, j=interpreted, Vv=VM code)
j  java.awt.image.DataBufferInt.<init>(I)V+11 java.desktop@18.0.1
j  java.awt.image.Raster.createPackedRaster(III[ILjava/awt/Point;)Ljava/awt/image/WritableRaster;+69 java.desktop@18.0.1
j  java.awt.image.DirectColorModel.createCompatibleWritableRaster(II)Ljava/awt/image/WritableRaster;+83 java.desktop@18.0.1
j  sun.awt.image.ImageRepresentation.createBufferedImage()V+18 java.desktop@18.0.1
j  sun.awt.image.ImageRepresentation.setPixels(IIIILjava/awt/image/ColorModel;[III)V+47 java.desktop@18.0.1
j  sun.awt.image.ImageDecoder.setPixels(IIIILjava/awt/image/ColorModel;[III)I+44 java.desktop@18.0.1
j  sun.awt.image.JPEGImageDecoder.sendPixels([II)Z+14 java.desktop@18.0.1
v  ~StubRoutines::call_stub
j  sun.awt.image.JPEGImageDecoder.readImage(Ljava/io/InputStream;[B)V+0 java.desktop@18.0.1
j  sun.awt.image.JPEGImageDecoder.produceImage()V+10 java.desktop@18.0.1
j  sun.awt.image.InputStreamImageSource.doFetch()V+51 java.desktop@18.0.1
j  sun.awt.image.ImageFetcher.fetchloop()V+31 java.desktop@18.0.1
j  sun.awt.image.ImageFetcher.run()V+5 java.desktop@18.0.1
v  ~StubRoutines::call_stub

---------------  P R O C E S S  ---------------

Threads class SMR info:
_java_thread_list=0x00000204ddea79a0, length=16, elements={
0x00000204c23ac530, 0x00000204c245a970, 0x00000204c245b310, 0x00000204dde21db0,
0x00000204dde22f60, 0x00000204dde25910, 0x00000204dde263f0, 0x00000204dde278d0,
0x00000204dde37a50, 0x00000204dde61d60, 0x00000204e277a1e0, 0x00000204e29195c0,
0x00000204e28584d0, 0x00000204e2b75930, 0x00000204e29615a0, 0x00000204e2a54720
}

Java Threads: ( => current thread )
  0x00000204c23ac530 JavaThread "main" [_thread_blocked, id=9144, stack(0x000000a1c2e00000,0x000000a1c2f00000)]
  0x00000204c245a970 JavaThread "Reference Handler" daemon [_thread_blocked, id=5792, stack(0x000000a1c3500000,0x000000a1c3600000)]
  0x00000204c245b310 JavaThread "Finalizer" daemon [_thread_blocked, id=3216, stack(0x000000a1c3600000,0x000000a1c3700000)]
  0x00000204dde21db0 JavaThread "Signal Dispatcher" daemon [_thread_blocked, id=20292, stack(0x000000a1c3700000,0x000000a1c3800000)]
  0x00000204dde22f60 JavaThread "Attach Listener" daemon [_thread_blocked, id=16176, stack(0x000000a1c3800000,0x000000a1c3900000)]
  0x00000204dde25910 JavaThread "Service Thread" daemon [_thread_blocked, id=9172, stack(0x000000a1c3900000,0x000000a1c3a00000)]
  0x00000204dde263f0 JavaThread "Monitor Deflation Thread" daemon [_thread_blocked, id=13188, stack(0x000000a1c3a00000,0x000000a1c3b00000)]
  0x00000204dde278d0 JavaThread "C2 CompilerThread0" daemon [_thread_blocked, id=16456, stack(0x000000a1c3b00000,0x000000a1c3c00000)]
  0x00000204dde37a50 JavaThread "C1 CompilerThread0" daemon [_thread_blocked, id=12252, stack(0x000000a1c3c00000,0x000000a1c3d00000)]
  0x00000204dde61d60 JavaThread "Sweeper thread" daemon [_thread_blocked, id=2516, stack(0x000000a1c3d00000,0x000000a1c3e00000)]
  0x00000204e277a1e0 JavaThread "Common-Cleaner" daemon [_thread_blocked, id=18692, stack(0x000000a1c3e00000,0x000000a1c3f00000)]
  0x00000204e29195c0 JavaThread "Monitor Ctrl-Break" daemon [_thread_in_native, id=672, stack(0x000000a1c3f00000,0x000000a1c4000000)]
  0x00000204e28584d0 JavaThread "Notification Thread" daemon [_thread_blocked, id=13924, stack(0x000000a1c4000000,0x000000a1c4100000)]
  0x00000204e2b75930 JavaThread "Java2D Disposer" daemon [_thread_blocked, id=20288, stack(0x000000a1c4200000,0x000000a1c4300000)]
  0x00000204e29615a0 JavaThread "AWT-Windows" daemon [_thread_in_native, id=7016, stack(0x000000a1c4400000,0x000000a1c4500000)]
=>0x00000204e2a54720 JavaThread "Image Fetcher 0" daemon [_thread_in_vm, id=5992, stack(0x000000a1c4500000,0x000000a1c4600000)]

Other Threads:
  0x00000204c2404070 VMThread "VM Thread" [stack: 0x000000a1c3400000,0x000000a1c3500000] [id=19908]
  0x00000204e285a650 WatcherThread "VM Periodic Task Thread" [stack: 0x000000a1c4100000,0x000000a1c4200000] [id=19024]
  0x00000204c23edcc0 WorkerThread "GC Thread#0" [stack: 0x000000a1c2f00000,0x000000a1c3000000] [id=18200]
  0x00000204e2856240 WorkerThread "GC Thread#1" [stack: 0x000000a1c4300000,0x000000a1c4400000] [id=19896]
  0x00000204e2857740 WorkerThread "GC Thread#2" [stack: 0x000000a1c4600000,0x000000a1c4700000] [id=7440]
  0x00000204e2857200 WorkerThread "GC Thread#3" [stack: 0x000000a1c4700000,0x000000a1c4800000] [id=11812]
  0x00000204e2856cc0 WorkerThread "GC Thread#4" [stack: 0x000000a1c4800000,0x000000a1c4900000] [id=18104]
  0x00000204e2856a20 WorkerThread "GC Thread#5" [stack: 0x000000a1c4900000,0x000000a1c4a00000] [id=14344]
  0x00000204e2856780 WorkerThread "GC Thread#6" [stack: 0x000000a1c4a00000,0x000000a1c4b00000] [id=412]
  0x00000204e2855d00 WorkerThread "GC Thread#7" [stack: 0x000000a1c4b00000,0x000000a1c4c00000] [id=1804]
  0x00000204c23f6ca0 ConcurrentGCThread "G1 Main Marker" [stack: 0x000000a1c3000000,0x000000a1c3100000] [id=5448]
  0x00000204c23f80a0 WorkerThread "G1 Conc#0" [stack: 0x000000a1c3100000,0x000000a1c3200000] [id=9720]
  0x00000204c2430380 ConcurrentGCThread "G1 Refine#0" [stack: 0x000000a1c3200000,0x000000a1c3300000] [id=18496]
  0x00000204c2430b30 ConcurrentGCThread "G1 Service" [stack: 0x000000a1c3300000,0x000000a1c3400000] [id=9000]

Threads with active compile tasks:

VM state: not at safepoint (normal execution)

VM Mutex/Monitor currently owned by a thread:  ([mutex/lock_event])
[0x00000204c23a7bf0] Heap_lock - owner thread: 0x00000204e2a54720

Heap address: 0x00000000c3000000, size: 976 MB, Compressed Oops mode: 32-bit

CDS archive(s) mapped at: [0x0000000800000000-0x0000000800ba0000-0x0000000800ba0000), size 12189696, SharedBaseAddress: 0x0000000800000000, ArchiveRelocationMode: 0.
Compressed class space mapped at: 0x0000000800c00000-0x0000000840c00000, reserved size: 1073741824
Narrow klass base: 0x0000000800000000, Narrow klass shift: 0, Narrow klass range: 0x100000000

GC Precious Log:
 CardTable entry size: 512
 Card Set container configuration: InlinePtr #cards 5 size 8 Array Of Cards #cards 12 size 40 Howl #buckets 4 coarsen threshold 1843 Howl Bitmap #cards 512 size 80 coarsen threshold 460 Card regions per heap region 1 cards per card region 2048
 CPUs: 8 total, 8 available
 Memory: 3899M
 Large Page Support: Disabled
 NUMA Support: Disabled
 Compressed Oops: Enabled (32-bit)
 Heap Region Size: 1M
 Heap Min Capacity: 8M
 Heap Initial Capacity: 62M
 Heap Max Capacity: 976M
 Pre-touch: Disabled
 Parallel Workers: 8
 Concurrent Workers: 2
 Concurrent Refinement Workers: 8
 Periodic GC: Disabled

Heap:
 garbage-first heap   total 101376K, used 3168K [0x00000000c3000000, 0x0000000100000000)
  region size 1024K, 3 young (3072K), 3 survivors (3072K)
 Metaspace       used 6427K, committed 6656K, reserved 1114112K
  class space    used 690K, committed 832K, reserved 1048576K

Heap Regions: E=young(eden), S=young(survivor), O=old, HS=humongous(starts), HC=humongous(continues), CS=collection set, F=free, OA=open archive, CA=closed archive, TAMS=top-at-mark-start (previous, next)
|   0|0x00000000c3000000, 0x00000000c3018000, 0x00000000c3100000|  9%| O|  |TAMS 0x00000000c3000000, 0x00000000c3000000| Untracked 
|   1|0x00000000c3100000, 0x00000000c3100000, 0x00000000c3200000|  0%| F|  |TAMS 0x00000000c3100000, 0x00000000c3100000| Untracked 
|   2|0x00000000c3200000, 0x00000000c3200000, 0x00000000c3300000|  0%| F|  |TAMS 0x00000000c3200000, 0x00000000c3200000| Untracked 
|   3|0x00000000c3300000, 0x00000000c3300000, 0x00000000c3400000|  0%| F|  |TAMS 0x00000000c3300000, 0x00000000c3300000| Untracked 
|   4|0x00000000c3400000, 0x00000000c3400000, 0x00000000c3500000|  0%| F|  |TAMS 0x00000000c3400000, 0x00000000c3400000| Untracked 
|   5|0x00000000c3500000, 0x00000000c3500000, 0x00000000c3600000|  0%| F|  |TAMS 0x00000000c3500000, 0x00000000c3500000| Untracked 
|   6|0x00000000c3600000, 0x00000000c3600000, 0x00000000c3700000|  0%| F|  |TAMS 0x00000000c3600000, 0x00000000c3600000| Untracked 
|   7|0x00000000c3700000, 0x00000000c3700000, 0x00000000c3800000|  0%| F|  |TAMS 0x00000000c3700000, 0x00000000c3700000| Untracked 
|   8|0x00000000c3800000, 0x00000000c3800000, 0x00000000c3900000|  0%| F|  |TAMS 0x00000000c3800000, 0x00000000c3800000| Untracked 
|   9|0x00000000c3900000, 0x00000000c3900000, 0x00000000c3a00000|  0%| F|  |TAMS 0x00000000c3900000, 0x00000000c3900000| Untracked 
|  10|0x00000000c3a00000, 0x00000000c3a00000, 0x00000000c3b00000|  0%| F|  |TAMS 0x00000000c3a00000, 0x00000000c3a00000| Untracked 
|  11|0x00000000c3b00000, 0x00000000c3b00000, 0x00000000c3c00000|  0%| F|  |TAMS 0x00000000c3b00000, 0x00000000c3b00000| Untracked 
|  12|0x00000000c3c00000, 0x00000000c3c00000, 0x00000000c3d00000|  0%| F|  |TAMS 0x00000000c3c00000, 0x00000000c3c00000| Untracked 
|  13|0x00000000c3d00000, 0x00000000c3d00000, 0x00000000c3e00000|  0%| F|  |TAMS 0x00000000c3d00000, 0x00000000c3d00000| Untracked 
|  14|0x00000000c3e00000, 0x00000000c3e00000, 0x00000000c3f00000|  0%| F|  |TAMS 0x00000000c3e00000, 0x00000000c3e00000| Untracked 
|  15|0x00000000c3f00000, 0x00000000c3f00000, 0x00000000c4000000|  0%| F|  |TAMS 0x00000000c3f00000, 0x00000000c3f00000| Untracked 
|  16|0x00000000c4000000, 0x00000000c4000000, 0x00000000c4100000|  0%| F|  |TAMS 0x00000000c4000000, 0x00000000c4000000| Untracked 
|  17|0x00000000c4100000, 0x00000000c4100000, 0x00000000c4200000|  0%| F|  |TAMS 0x00000000c4100000, 0x00000000c4100000| Untracked 
|  18|0x00000000c4200000, 0x00000000c4200000, 0x00000000c4300000|  0%| F|  |TAMS 0x00000000c4200000, 0x00000000c4200000| Untracked 
|  19|0x00000000c4300000, 0x00000000c4300000, 0x00000000c4400000|  0%| F|  |TAMS 0x00000000c4300000, 0x00000000c4300000| Untracked 
|  20|0x00000000c4400000, 0x00000000c4400000, 0x00000000c4500000|  0%| F|  |TAMS 0x00000000c4400000, 0x00000000c4400000| Untracked 
|  21|0x00000000c4500000, 0x00000000c4500000, 0x00000000c4600000|  0%| F|  |TAMS 0x00000000c4500000, 0x00000000c4500000| Untracked 
|  22|0x00000000c4600000, 0x00000000c4600000, 0x00000000c4700000|  0%| F|  |TAMS 0x00000000c4600000, 0x00000000c4600000| Untracked 
|  23|0x00000000c4700000, 0x00000000c4700000, 0x00000000c4800000|  0%| F|  |TAMS 0x00000000c4700000, 0x00000000c4700000| Untracked 
|  24|0x00000000c4800000, 0x00000000c4800000, 0x00000000c4900000|  0%| F|  |TAMS 0x00000000c4800000, 0x00000000c4800000| Untracked 
|  25|0x00000000c4900000, 0x00000000c4900000, 0x00000000c4a00000|  0%| F|  |TAMS 0x00000000c4900000, 0x00000000c4900000| Untracked 
|  26|0x00000000c4a00000, 0x00000000c4a00000, 0x00000000c4b00000|  0%| F|  |TAMS 0x00000000c4a00000, 0x00000000c4a00000| Untracked 
|  27|0x00000000c4b00000, 0x00000000c4b00000, 0x00000000c4c00000|  0%| F|  |TAMS 0x00000000c4b00000, 0x00000000c4b00000| Untracked 
|  28|0x00000000c4c00000, 0x00000000c4c00000, 0x00000000c4d00000|  0%| F|  |TAMS 0x00000000c4c00000, 0x00000000c4c00000| Untracked 
|  29|0x00000000c4d00000, 0x00000000c4d00000, 0x00000000c4e00000|  0%| F|  |TAMS 0x00000000c4d00000, 0x00000000c4d00000| Untracked 
|  30|0x00000000c4e00000, 0x00000000c4e00000, 0x00000000c4f00000|  0%| F|  |TAMS 0x00000000c4e00000, 0x00000000c4e00000| Untracked 
|  31|0x00000000c4f00000, 0x00000000c4f00000, 0x00000000c5000000|  0%| F|  |TAMS 0x00000000c4f00000, 0x00000000c4f00000| Untracked 
|  32|0x00000000c5000000, 0x00000000c5000000, 0x00000000c5100000|  0%| F|  |TAMS 0x00000000c5000000, 0x00000000c5000000| Untracked 
|  33|0x00000000c5100000, 0x00000000c5100000, 0x00000000c5200000|  0%| F|  |TAMS 0x00000000c5100000, 0x00000000c5100000| Untracked 
|  34|0x00000000c5200000, 0x00000000c5200000, 0x00000000c5300000|  0%| F|  |TAMS 0x00000000c5200000, 0x00000000c5200000| Untracked 
|  35|0x00000000c5300000, 0x00000000c5300000, 0x00000000c5400000|  0%| F|  |TAMS 0x00000000c5300000, 0x00000000c5300000| Untracked 
|  36|0x00000000c5400000, 0x00000000c5400000, 0x00000000c5500000|  0%| F|  |TAMS 0x00000000c5400000, 0x00000000c5400000| Untracked 
|  37|0x00000000c5500000, 0x00000000c5500000, 0x00000000c5600000|  0%| F|  |TAMS 0x00000000c5500000, 0x00000000c5500000| Untracked 
|  38|0x00000000c5600000, 0x00000000c5600000, 0x00000000c5700000|  0%| F|  |TAMS 0x00000000c5600000, 0x00000000c5600000| Untracked 
|  39|0x00000000c5700000, 0x00000000c5700000, 0x00000000c5800000|  0%| F|  |TAMS 0x00000000c5700000, 0x00000000c5700000| Untracked 
|  40|0x00000000c5800000, 0x00000000c5800000, 0x00000000c5900000|  0%| F|  |TAMS 0x00000000c5800000, 0x00000000c5800000| Untracked 
|  41|0x00000000c5900000, 0x00000000c5900000, 0x00000000c5a00000|  0%| F|  |TAMS 0x00000000c5900000, 0x00000000c5900000| Untracked 
|  42|0x00000000c5a00000, 0x00000000c5a00000, 0x00000000c5b00000|  0%| F|  |TAMS 0x00000000c5a00000, 0x00000000c5a00000| Untracked 
|  43|0x00000000c5b00000, 0x00000000c5b00000, 0x00000000c5c00000|  0%| F|  |TAMS 0x00000000c5b00000, 0x00000000c5b00000| Untracked 
|  44|0x00000000c5c00000, 0x00000000c5c00000, 0x00000000c5d00000|  0%| F|  |TAMS 0x00000000c5c00000, 0x00000000c5c00000| Untracked 
|  45|0x00000000c5d00000, 0x00000000c5d00000, 0x00000000c5e00000|  0%| F|  |TAMS 0x00000000c5d00000, 0x00000000c5d00000| Untracked 
|  46|0x00000000c5e00000, 0x00000000c5e00000, 0x00000000c5f00000|  0%| F|  |TAMS 0x00000000c5e00000, 0x00000000c5e00000| Untracked 
|  47|0x00000000c5f00000, 0x00000000c5f00000, 0x00000000c6000000|  0%| F|  |TAMS 0x00000000c5f00000, 0x00000000c5f00000| Untracked 
|  48|0x00000000c6000000, 0x00000000c6000000, 0x00000000c6100000|  0%| F|  |TAMS 0x00000000c6000000, 0x00000000c6000000| Untracked 
|  49|0x00000000c6100000, 0x00000000c6100000, 0x00000000c6200000|  0%| F|  |TAMS 0x00000000c6100000, 0x00000000c6100000| Untracked 
|  50|0x00000000c6200000, 0x00000000c6300000, 0x00000000c6300000|100%| S|CS|TAMS 0x00000000c6200000, 0x00000000c6200000| Complete 
|  51|0x00000000c6300000, 0x00000000c6400000, 0x00000000c6400000|100%| S|CS|TAMS 0x00000000c6300000, 0x00000000c6300000| Complete 
|  52|0x00000000c6400000, 0x00000000c6500000, 0x00000000c6500000|100%| S|CS|TAMS 0x00000000c6400000, 0x00000000c6400000| Complete 
|  53|0x00000000c6500000, 0x00000000c6500000, 0x00000000c6600000|  0%| F|  |TAMS 0x00000000c6500000, 0x00000000c6500000| Untracked 
|  54|0x00000000c6600000, 0x00000000c6600000, 0x00000000c6700000|  0%| F|  |TAMS 0x00000000c6600000, 0x00000000c6600000| Untracked 
|  55|0x00000000c6700000, 0x00000000c6700000, 0x00000000c6800000|  0%| F|  |TAMS 0x00000000c6700000, 0x00000000c6700000| Untracked 
|  56|0x00000000c6800000, 0x00000000c6800000, 0x00000000c6900000|  0%| F|  |TAMS 0x00000000c6800000, 0x00000000c6800000| Untracked 
|  57|0x00000000c6900000, 0x00000000c6900000, 0x00000000c6a00000|  0%| F|  |TAMS 0x00000000c6900000, 0x00000000c6900000| Untracked 
|  58|0x00000000c6a00000, 0x00000000c6a00000, 0x00000000c6b00000|  0%| F|  |TAMS 0x00000000c6a00000, 0x00000000c6a00000| Untracked 
|  59|0x00000000c6b00000, 0x00000000c6b00000, 0x00000000c6c00000|  0%| F|  |TAMS 0x00000000c6b00000, 0x00000000c6b00000| Untracked 
|  60|0x00000000c6c00000, 0x00000000c6c00000, 0x00000000c6d00000|  0%| F|  |TAMS 0x00000000c6c00000, 0x00000000c6c00000| Untracked 
|  61|0x00000000c6d00000, 0x00000000c6d00000, 0x00000000c6e00000|  0%| F|  |TAMS 0x00000000c6d00000, 0x00000000c6d00000| Untracked 
|  62|0x00000000c6e00000, 0x00000000c6e00000, 0x00000000c6f00000|  0%| F|  |TAMS 0x00000000c6e00000, 0x00000000c6e00000| Untracked 
|  63|0x00000000c6f00000, 0x00000000c6f00000, 0x00000000c7000000|  0%| F|  |TAMS 0x00000000c6f00000, 0x00000000c6f00000| Untracked 
|  64|0x00000000c7000000, 0x00000000c7000000, 0x00000000c7100000|  0%| F|  |TAMS 0x00000000c7000000, 0x00000000c7000000| Untracked 
|  65|0x00000000c7100000, 0x00000000c7100000, 0x00000000c7200000|  0%| F|  |TAMS 0x00000000c7100000, 0x00000000c7100000| Untracked 
|  66|0x00000000c7200000, 0x00000000c7200000, 0x00000000c7300000|  0%| F|  |TAMS 0x00000000c7200000, 0x00000000c7200000| Untracked 
|  67|0x00000000c7300000, 0x00000000c7300000, 0x00000000c7400000|  0%| F|  |TAMS 0x00000000c7300000, 0x00000000c7300000| Untracked 
|  68|0x00000000c7400000, 0x00000000c7400000, 0x00000000c7500000|  0%| F|  |TAMS 0x00000000c7400000, 0x00000000c7400000| Untracked 
|  69|0x00000000c7500000, 0x00000000c7500000, 0x00000000c7600000|  0%| F|  |TAMS 0x00000000c7500000, 0x00000000c7500000| Untracked 
|  70|0x00000000c7600000, 0x00000000c7600000, 0x00000000c7700000|  0%| F|  |TAMS 0x00000000c7600000, 0x00000000c7600000| Untracked 
|  71|0x00000000c7700000, 0x00000000c7700000, 0x00000000c7800000|  0%| F|  |TAMS 0x00000000c7700000, 0x00000000c7700000| Untracked 
|  72|0x00000000c7800000, 0x00000000c7800000, 0x00000000c7900000|  0%| F|  |TAMS 0x00000000c7800000, 0x00000000c7800000| Untracked 
|  73|0x00000000c7900000, 0x00000000c7900000, 0x00000000c7a00000|  0%| F|  |TAMS 0x00000000c7900000, 0x00000000c7900000| Untracked 
|  74|0x00000000c7a00000, 0x00000000c7a00000, 0x00000000c7b00000|  0%| F|  |TAMS 0x00000000c7a00000, 0x00000000c7a00000| Untracked 
|  75|0x00000000c7b00000, 0x00000000c7b00000, 0x00000000c7c00000|  0%| F|  |TAMS 0x00000000c7b00000, 0x00000000c7b00000| Untracked 
|  76|0x00000000c7c00000, 0x00000000c7c00000, 0x00000000c7d00000|  0%| F|  |TAMS 0x00000000c7c00000, 0x00000000c7c00000| Untracked 
|  77|0x00000000c7d00000, 0x00000000c7d00000, 0x00000000c7e00000|  0%| F|  |TAMS 0x00000000c7d00000, 0x00000000c7d00000| Untracked 
|  78|0x00000000c7e00000, 0x00000000c7e00000, 0x00000000c7f00000|  0%| F|  |TAMS 0x00000000c7e00000, 0x00000000c7e00000| Untracked 
|  79|0x00000000c7f00000, 0x00000000c7f00000, 0x00000000c8000000|  0%| F|  |TAMS 0x00000000c7f00000, 0x00000000c7f00000| Untracked 
|  80|0x00000000c8000000, 0x00000000c8000000, 0x00000000c8100000|  0%| F|  |TAMS 0x00000000c8000000, 0x00000000c8000000| Untracked 
|  81|0x00000000c8100000, 0x00000000c8100000, 0x00000000c8200000|  0%| F|  |TAMS 0x00000000c8100000, 0x00000000c8100000| Untracked 
|  82|0x00000000c8200000, 0x00000000c8200000, 0x00000000c8300000|  0%| F|  |TAMS 0x00000000c8200000, 0x00000000c8200000| Untracked 
|  83|0x00000000c8300000, 0x00000000c8300000, 0x00000000c8400000|  0%| F|  |TAMS 0x00000000c8300000, 0x00000000c8300000| Untracked 
|  84|0x00000000c8400000, 0x00000000c8400000, 0x00000000c8500000|  0%| F|  |TAMS 0x00000000c8400000, 0x00000000c8400000| Untracked 
|  85|0x00000000c8500000, 0x00000000c8500000, 0x00000000c8600000|  0%| F|  |TAMS 0x00000000c8500000, 0x00000000c8500000| Untracked 
|  86|0x00000000c8600000, 0x00000000c8600000, 0x00000000c8700000|  0%| F|  |TAMS 0x00000000c8600000, 0x00000000c8600000| Untracked 
|  87|0x00000000c8700000, 0x00000000c8700000, 0x00000000c8800000|  0%| F|  |TAMS 0x00000000c8700000, 0x00000000c8700000| Untracked 
|  88|0x00000000c8800000, 0x00000000c8800000, 0x00000000c8900000|  0%| F|  |TAMS 0x00000000c8800000, 0x00000000c8800000| Untracked 
|  89|0x00000000c8900000, 0x00000000c8900000, 0x00000000c8a00000|  0%| F|  |TAMS 0x00000000c8900000, 0x00000000c8900000| Untracked 
|  90|0x00000000c8a00000, 0x00000000c8a00000, 0x00000000c8b00000|  0%| F|  |TAMS 0x00000000c8a00000, 0x00000000c8a00000| Untracked 
|  91|0x00000000c8b00000, 0x00000000c8b00000, 0x00000000c8c00000|  0%| F|  |TAMS 0x00000000c8b00000, 0x00000000c8b00000| Untracked 
|  92|0x00000000c8c00000, 0x00000000c8c00000, 0x00000000c8d00000|  0%| F|  |TAMS 0x00000000c8c00000, 0x00000000c8c00000| Untracked 
|  93|0x00000000c8d00000, 0x00000000c8d00000, 0x00000000c8e00000|  0%| F|  |TAMS 0x00000000c8d00000, 0x00000000c8d00000| Untracked 
|  94|0x00000000c8e00000, 0x00000000c8e00000, 0x00000000c8f00000|  0%| F|  |TAMS 0x00000000c8e00000, 0x00000000c8e00000| Untracked 
|  95|0x00000000c8f00000, 0x00000000c8f00000, 0x00000000c9000000|  0%| F|  |TAMS 0x00000000c8f00000, 0x00000000c8f00000| Untracked 
|  96|0x00000000c9000000, 0x00000000c9000000, 0x00000000c9100000|  0%| F|  |TAMS 0x00000000c9000000, 0x00000000c9000000| Untracked 
|  97|0x00000000c9100000, 0x00000000c9100000, 0x00000000c9200000|  0%| F|  |TAMS 0x00000000c9100000, 0x00000000c9100000| Untracked 
|  98|0x00000000c9200000, 0x00000000c9200000, 0x00000000c9300000|  0%| F|  |TAMS 0x00000000c9200000, 0x00000000c9200000| Untracked 

Card table byte_map: [0x00000204d91f0000,0x00000204d93e0000] _byte_map_base: 0x00000204d8bd8000

Marking Bits (Prev, Next): (CMBitMap*) 0x00000204c23ee160, (CMBitMap*) 0x00000204c23ee1a0
 Prev Bits: [0x00000204d95d0000, 0x00000204da510000)
 Next Bits: [0x00000204da510000, 0x00000204db450000)

Polling page: 0x00000204c02b0000

Metaspace:

Usage:
  Non-class:      5.60 MB used.
      Class:    690.79 KB used.
       Both:      6.28 MB used.

Virtual space:
  Non-class space:       64.00 MB reserved,       5.69 MB (  9%) committed,  1 nodes.
      Class space:        1.00 GB reserved,     832.00 KB ( <1%) committed,  1 nodes.
             Both:        1.06 GB reserved,       6.50 MB ( <1%) committed. 

Chunk freelists:
   Non-Class:  2.22 MB
       Class:  3.23 MB
        Both:  5.44 MB

MaxMetaspaceSize: unlimited
CompressedClassSpaceSize: 1.00 GB
Initial GC threshold: 21.00 MB
Current GC threshold: 21.00 MB
CDS: on
MetaspaceReclaimPolicy: balanced
 - commit_granule_bytes: 65536.
 - commit_granule_words: 8192.
 - virtual_space_node_default_size: 8388608.
 - enlarge_chunks_in_place: 1.
 - new_chunks_are_fully_committed: 0.
 - uncommit_free_chunks: 1.
 - use_allocation_guard: 0.


Internal statistics:

num_allocs_failed_limit: 0.
num_arena_births: 130.
num_arena_deaths: 0.
num_vsnodes_births: 2.
num_vsnodes_deaths: 0.
num_space_committed: 104.
num_space_uncommitted: 0.
num_chunks_returned_to_freelist: 0.
num_chunks_taken_from_freelist: 186.
num_chunk_merges: 0.
num_chunk_splits: 103.
num_chunks_enlarged: 38.
num_inconsistent_stats: 0.

CodeHeap 'non-profiled nmethods': size=120000Kb used=251Kb max_used=251Kb free=119748Kb
 bounds [0x00000204d17a0000, 0x00000204d1a10000, 0x00000204d8cd0000]
CodeHeap 'profiled nmethods': size=120000Kb used=1057Kb max_used=1057Kb free=118942Kb
 bounds [0x00000204ca270000, 0x00000204ca4e0000, 0x00000204d17a0000]
CodeHeap 'non-nmethods': size=5760Kb used=1237Kb max_used=1246Kb free=4522Kb
 bounds [0x00000204c9cd0000, 0x00000204c9f40000, 0x00000204ca270000]
 total_blobs=1268 nmethods=730 adapters=451
 compilation: enabled
              stopped_count=0, restarted_count=0
 full_count=0

Compilation events (20 events):
Event: 7.147 Thread 0x00000204dde37a50  718       3       java.lang.invoke.MethodHandle::keepsAlive (20 bytes)
Event: 7.149 Thread 0x00000204dde37a50 nmethod 718 0x00000204ca375c90 code [0x00000204ca375ee0, 0x00000204ca376968]
Event: 7.149 Thread 0x00000204dde37a50  721       3       jdk.internal.org.objectweb.asm.MethodWriter::visitAbstractType (8 bytes)
Event: 7.149 Thread 0x00000204dde37a50 nmethod 721 0x00000204ca376c90 code [0x00000204ca376e20, 0x00000204ca376f58]
Event: 7.149 Thread 0x00000204dde37a50  722       3       java.security.AccessController::executePrivileged (65 bytes)
Event: 7.150 Thread 0x00000204dde37a50 nmethod 722 0x00000204ca377010 code [0x00000204ca3771e0, 0x00000204ca3774d8]
Event: 7.539 Thread 0x00000204dde37a50  723       3       java.io.FileInputStream::available (5 bytes)
Event: 7.540 Thread 0x00000204dde37a50 nmethod 723 0x00000204ca377610 code [0x00000204ca3777a0, 0x00000204ca3778e8]
Event: 7.549 Thread 0x00000204dde37a50  725       3       java.io.BufferedInputStream::getInIfOpen (21 bytes)
Event: 7.549 Thread 0x00000204dde37a50 nmethod 725 0x00000204ca377990 code [0x00000204ca377b40, 0x00000204ca377d48]
Event: 7.597 Thread 0x00000204dde37a50  726  s    3       java.io.BufferedInputStream::available (35 bytes)
Event: 7.598 Thread 0x00000204dde37a50 nmethod 726 0x00000204ca377e10 code [0x00000204ca377fe0, 0x00000204ca378438]
Event: 8.802 Thread 0x00000204dde278d0  727       4       java.io.BufferedInputStream::read1 (108 bytes)
Event: 8.810 Thread 0x00000204dde278d0 nmethod 727 0x00000204d17dd190 code [0x00000204d17dd320, 0x00000204d17dd568]
Event: 8.834 Thread 0x00000204dde278d0  728  s    4       java.io.BufferedInputStream::read (113 bytes)
Event: 8.860 Thread 0x00000204dde278d0 nmethod 728 0x00000204d17dd790 code [0x00000204d17dd960, 0x00000204d17de128]
Event: 8.860 Thread 0x00000204dde278d0  729       4       java.io.FileInputStream::available (5 bytes)
Event: 8.861 Thread 0x00000204dde278d0 nmethod 729 0x00000204d17de690 code [0x00000204d17de820, 0x00000204d17de8c8]
Event: 8.877 Thread 0x00000204dde278d0  730  s    4       java.io.BufferedInputStream::available (35 bytes)
Event: 8.882 Thread 0x00000204dde278d0 nmethod 730 0x00000204d17de990 code [0x00000204d17deb20, 0x00000204d17dee48]

GC Heap History (2 events):
Event: 9.757 GC heap before
{Heap before GC invocations=0 (full 0):
 garbage-first heap   total 63488K, used 8192K [0x00000000c3000000, 0x0000000100000000)
  region size 1024K, 9 young (9216K), 0 survivors (0K)
 Metaspace       used 6427K, committed 6656K, reserved 1114112K
  class space    used 690K, committed 832K, reserved 1048576K
}
Event: 9.785 GC heap after
{Heap after GC invocations=1 (full 0):
 garbage-first heap   total 63488K, used 3168K [0x00000000c3000000, 0x0000000100000000)
  region size 1024K, 3 young (3072K), 3 survivors (3072K)
 Metaspace       used 6427K, committed 6656K, reserved 1114112K
  class space    used 690K, committed 832K, reserved 1048576K
}

Deoptimization events (20 events):
Event: 7.049 Thread 0x00000204c23ac530 Uncommon trap: trap_request=0xffffffc6 fr.pc=0x00000204d17c3ecc relative=0x0000000000000b8c
Event: 7.049 Thread 0x00000204c23ac530 Uncommon trap: reason=bimorphic_or_optimized_type_check action=maybe_recompile pc=0x00000204d17c3ecc method=java.util.HashMap.putVal(ILjava/lang/Object;Ljava/lang/Object;ZZ)Ljava/lang/Object; @ 56 c2
Event: 7.049 Thread 0x00000204c23ac530 DEOPT PACKING pc=0x00000204d17c3ecc sp=0x000000a1c2efec70
Event: 7.049 Thread 0x00000204c23ac530 DEOPT UNPACKING pc=0x00000204c9d223a3 sp=0x000000a1c2efeb90 mode 2
Event: 7.049 Thread 0x00000204c23ac530 Uncommon trap: trap_request=0xffffffc6 fr.pc=0x00000204d17c3ecc relative=0x0000000000000b8c
Event: 7.049 Thread 0x00000204c23ac530 Uncommon trap: reason=bimorphic_or_optimized_type_check action=maybe_recompile pc=0x00000204d17c3ecc method=java.util.HashMap.putVal(ILjava/lang/Object;Ljava/lang/Object;ZZ)Ljava/lang/Object; @ 56 c2
Event: 7.049 Thread 0x00000204c23ac530 DEOPT PACKING pc=0x00000204d17c3ecc sp=0x000000a1c2efec70
Event: 7.049 Thread 0x00000204c23ac530 DEOPT UNPACKING pc=0x00000204c9d223a3 sp=0x000000a1c2efeb90 mode 2
Event: 7.049 Thread 0x00000204c23ac530 Uncommon trap: trap_request=0xffffffc6 fr.pc=0x00000204d17c3ecc relative=0x0000000000000b8c
Event: 7.049 Thread 0x00000204c23ac530 Uncommon trap: reason=bimorphic_or_optimized_type_check action=maybe_recompile pc=0x00000204d17c3ecc method=java.util.HashMap.putVal(ILjava/lang/Object;Ljava/lang/Object;ZZ)Ljava/lang/Object; @ 56 c2
Event: 7.049 Thread 0x00000204c23ac530 DEOPT PACKING pc=0x00000204d17c3ecc sp=0x000000a1c2efec70
Event: 7.049 Thread 0x00000204c23ac530 DEOPT UNPACKING pc=0x00000204c9d223a3 sp=0x000000a1c2efeb90 mode 2
Event: 7.103 Thread 0x00000204c23ac530 Uncommon trap: trap_request=0xffffff45 fr.pc=0x00000204d17d9918 relative=0x0000000000000918
Event: 7.103 Thread 0x00000204c23ac530 Uncommon trap: reason=unstable_if action=reinterpret pc=0x00000204d17d9918 method=java.util.HashMap.hash(Ljava/lang/Object;)I @ 1 c2
Event: 7.103 Thread 0x00000204c23ac530 DEOPT PACKING pc=0x00000204d17d9918 sp=0x000000a1c2efee30
Event: 7.103 Thread 0x00000204c23ac530 DEOPT UNPACKING pc=0x00000204c9d223a3 sp=0x000000a1c2efedc0 mode 2
Event: 9.708 Thread 0x00000204e2a54720 Uncommon trap: trap_request=0xffffff45 fr.pc=0x00000204d17ddeec relative=0x000000000000058c
Event: 9.708 Thread 0x00000204e2a54720 Uncommon trap: reason=unstable_if action=reinterpret pc=0x00000204d17ddeec method=java.io.BufferedInputStream.read([BII)I @ 104 c2
Event: 9.708 Thread 0x00000204e2a54720 DEOPT PACKING pc=0x00000204d17ddeec sp=0x000000a1c45fe660
Event: 9.709 Thread 0x00000204e2a54720 DEOPT UNPACKING pc=0x00000204c9d223a3 sp=0x000000a1c45fe638 mode 2

Classes loaded (20 events):
Event: 7.135 Loading class sun/awt/image/JPEGImageDecoder$1
Event: 7.135 Loading class sun/awt/image/JPEGImageDecoder$1 done
Event: 7.811 Loading class sun/awt/AppContext$PostShutdownEventRunnable
Event: 7.811 Loading class sun/awt/AppContext$PostShutdownEventRunnable done
Event: 7.811 Loading class sun/awt/AWTAutoShutdown$1
Event: 7.812 Loading class sun/awt/AWTAutoShutdown$1 done
Event: 9.728 Loading class java/awt/image/Raster
Event: 9.748 Loading class java/awt/image/Raster done
Event: 9.753 Loading class java/awt/image/DataBufferInt
Event: 9.753 Loading class java/awt/image/DataBuffer
Event: 9.754 Loading class java/awt/image/DataBuffer done
Event: 9.754 Loading class java/awt/image/DataBufferInt done
Event: 9.754 Loading class java/awt/image/DataBuffer$1
Event: 9.754 Loading class sun/awt/image/SunWritableRaster$DataStealer
Event: 9.755 Loading class sun/awt/image/SunWritableRaster$DataStealer done
Event: 9.755 Loading class java/awt/image/DataBuffer$1 done
Event: 9.755 Loading class sun/awt/image/SunWritableRaster
Event: 9.756 Loading class java/awt/image/WritableRaster
Event: 9.756 Loading class java/awt/image/WritableRaster done
Event: 9.756 Loading class sun/awt/image/SunWritableRaster done

Classes unloaded (0 events):
No events

Classes redefined (0 events):
No events

Internal exceptions (18 events):
Event: 0.313 Thread 0x00000204c23ac530 Exception <a 'java/lang/NoSuchMethodError'{0x00000000c6cad750}: 'void java.lang.invoke.DirectMethodHandle$Holder.invokeStatic(java.lang.Object, java.lang.Object, java.lang.Object)'> (0x00000000c6cad750) 
thrown [s\open\src\hotspot\share\interpreter\linkResolver.cpp, line 766]
Event: 0.327 Thread 0x00000204c23ac530 Exception <a 'java/lang/NoSuchMethodError'{0x00000000c6cc6468}: 'java.lang.Object java.lang.invoke.Invokers$Holder.invokeExact_MT(java.lang.Object, java.lang.Object, java.lang.Object, java.lang.Object, java.lang.Object)'> (0x00000000c6cc6468) 
thrown [s\open\src\hotspot\share\interpreter\linkResolver.cpp, line 766]
Event: 0.372 Thread 0x00000204e29195c0 Exception <a 'java/lang/NoSuchMethodError'{0x00000000c6cf2ac8}: 'void java.lang.invoke.DirectMethodHandle$Holder.invokeStatic(java.lang.Object, java.lang.Object)'> (0x00000000c6cf2ac8) 
thrown [s\open\src\hotspot\share\interpreter\linkResolver.cpp, line 766]
Event: 0.602 Thread 0x00000204c23ac530 Exception <a 'sun/nio/fs/WindowsException'{0x00000000c6907a48}> (0x00000000c6907a48) 
thrown [s\open\src\hotspot\share\prims\jni.cpp, line 516]
Event: 0.672 Thread 0x00000204c23ac530 Exception <a 'java/lang/NoSuchMethodError'{0x00000000c69398d0}: 'java.lang.Object java.lang.invoke.DirectMethodHandle$Holder.invokeStaticInit(java.lang.Object, int, int, int, int)'> (0x00000000c69398d0) 
thrown [s\open\src\hotspot\share\interpreter\linkResolver.cpp, line 766]
Event: 2.765 Thread 0x00000204dde22f60 Exception <a 'java/lang/NoSuchMethodError'{0x00000000c6855428}: 'java.lang.Object java.lang.invoke.Invokers$Holder.invokeExact_MT(java.lang.Object, java.lang.Object, java.lang.Object, java.lang.Object, java.lang.Object, java.lang.Object)'> (0x00000000c6855428) 
thrown [s\open\src\hotspot\share\interpreter\linkResolver.cpp, line 766]
Event: 6.455 Thread 0x00000204c23ac530 Exception <a 'java/lang/ClassNotFoundException'{0x00000000c6961f00}: sun/awt/resources/spi/awtProvider> (0x00000000c6961f00) 
thrown [s\open\src\hotspot\share\classfile\systemDictionary.cpp, line 255]
Event: 6.511 Thread 0x00000204c23ac530 Exception <a 'java/io/FileNotFoundException'{0x00000000c68a7e70}> (0x00000000c68a7e70) 
thrown [s\open\src\hotspot\share\prims\jni.cpp, line 516]
Event: 6.527 Thread 0x00000204c23ac530 Exception <a 'java/io/FileNotFoundException'{0x00000000c68d4d68}> (0x00000000c68d4d68) 
thrown [s\open\src\hotspot\share\prims\jni.cpp, line 516]
Event: 6.709 Thread 0x00000204c23ac530 Exception <a 'java/lang/NoSuchMethodError'{0x00000000c670ec70}: 'java.lang.Object java.lang.invoke.DirectMethodHandle$Holder.invokeStaticInit(java.lang.Object)'> (0x00000000c670ec70) 
thrown [s\open\src\hotspot\share\interpreter\linkResolver.cpp, line 766]
Event: 6.908 Thread 0x00000204c23ac530 Exception <a 'java/lang/NoSuchMethodError'{0x00000000c6756420}: 'void java.lang.invoke.DirectMethodHandle$Holder.invokeSpecial(java.lang.Object, java.lang.Object, java.lang.Object)'> (0x00000000c6756420) 
thrown [s\open\src\hotspot\share\interpreter\linkResolver.cpp, line 766]
Event: 6.936 Thread 0x00000204c23ac530 Exception <a 'java/lang/NoSuchMethodError'{0x00000000c67f7520}: 'java.lang.Object java.lang.invoke.DirectMethodHandle$Holder.newInvokeSpecial(java.lang.Object, java.lang.Object, java.lang.Object, java.lang.Object, java.lang.Object)'> (0x00000000c67f7520) 
thrown [s\open\src\hotspot\share\interpreter\linkResolver.cpp, line 766]
Event: 6.955 Thread 0x00000204c23ac530 Exception <a 'java/lang/NoSuchMethodError'{0x00000000c6628d38}: 'java.lang.Object java.lang.invoke.DirectMethodHandle$Holder.invokeStatic(java.lang.Object, int, java.lang.Object)'> (0x00000000c6628d38) 
thrown [s\open\src\hotspot\share\interpreter\linkResolver.cpp, line 766]
Event: 7.047 Thread 0x00000204c23ac530 Exception <a 'java/lang/ClassNotFoundException'{0x00000000c66e9658}: com/sun/swing/internal/plaf/metal/resources/spi/metalProvider> (0x00000000c66e9658) 
thrown [s\open\src\hotspot\share\classfile\systemDictionary.cpp, line 255]
Event: 7.050 Thread 0x00000204c23ac530 Exception <a 'java/lang/ClassNotFoundException'{0x00000000c66ed908}: com/sun/swing/internal/plaf/basic/resources/spi/basicProvider> (0x00000000c66ed908) 
thrown [s\open\src\hotspot\share\classfile\systemDictionary.cpp, line 255]
Event: 7.082 Thread 0x00000204c23ac530 Exception <a 'java/lang/NoSuchMethodError'{0x00000000c650a928}: 'int java.lang.invoke.Invokers$Holder.invokeExact_MT(java.lang.Object, java.lang.Object)'> (0x00000000c650a928) 
thrown [s\open\src\hotspot\share\interpreter\linkResolver.cpp, line 766]
Event: 7.103 Thread 0x00000204c23ac530 Implicit null exception at 0x00000204d17d9040 to 0x00000204d17d98fc
Event: 7.147 Thread 0x00000204e2a54720 Exception <a 'java/lang/NoSuchMethodError'{0x00000000c6581f88}: 'java.lang.Object java.lang.invoke.DirectMethodHandle$Holder.newInvokeSpecial(java.lang.Object, java.lang.Object, java.lang.Object, int, int, int, int, int)'> (0x00000000c6581f88) 
thrown [s\open\src\hotspot\share\interpreter\linkResolver.cpp, line 766]

VM Operations (18 events):
Event: 0.201 Executing VM operation: HandshakeAllThreads
Event: 0.201 Executing VM operation: HandshakeAllThreads done
Event: 0.350 Executing VM operation: HandshakeAllThreads
Event: 0.350 Executing VM operation: HandshakeAllThreads done
Event: 1.350 Executing VM operation: Cleanup
Event: 1.350 Executing VM operation: Cleanup done
Event: 3.367 Executing VM operation: Cleanup
Event: 3.367 Executing VM operation: Cleanup done
Event: 7.093 Executing VM operation: HandshakeAllThreads
Event: 7.093 Executing VM operation: HandshakeAllThreads done
Event: 7.093 Executing VM operation: Cleanup
Event: 7.093 Executing VM operation: Cleanup done
Event: 8.105 Executing VM operation: Cleanup
Event: 8.105 Executing VM operation: Cleanup done
Event: 9.111 Executing VM operation: Cleanup
Event: 9.112 Executing VM operation: Cleanup done
Event: 9.757 Executing VM operation: G1TryInitiateConcMark
Event: 9.785 Executing VM operation: G1TryInitiateConcMark done

Events (20 events):
Event: 0.098 Thread 0x00000204dde37a50 Thread added: 0x00000204dde37a50
Event: 0.098 Thread 0x00000204dde61d60 Thread added: 0x00000204dde61d60
Event: 0.170 Thread 0x00000204e277a1e0 Thread added: 0x00000204e277a1e0
Event: 0.245 Loaded shared library C:\Program Files\Java\jdk-18.0.1\bin\zip.dll
Event: 0.260 Loaded shared library C:\Program Files\Java\jdk-18.0.1\bin\instrument.dll
Event: 0.291 Loaded shared library C:\Program Files\Java\jdk-18.0.1\bin\net.dll
Event: 0.299 Loaded shared library C:\Program Files\Java\jdk-18.0.1\bin\nio.dll
Event: 0.310 Loaded shared library C:\Program Files\Java\jdk-18.0.1\bin\zip.dll
Event: 0.341 Loaded shared library C:\Program Files\JetBrains\IntelliJ IDEA Community Edition 2022.1.3\bin\breakgen64.dll
Event: 0.343 Thread 0x00000204e29195c0 Thread added: 0x00000204e29195c0
Event: 0.343 Thread 0x00000204e28584d0 Thread added: 0x00000204e28584d0
Event: 0.382 Loaded shared library C:\Program Files\Java\jdk-18.0.1\bin\jimage.dll
Event: 0.523 Loaded shared library C:\Program Files\Java\jdk-18.0.1\bin\sunmscapi.dll
Event: 6.485 Loaded shared library C:\Program Files\Java\jdk-18.0.1\bin\awt.dll
Event: 6.711 Thread 0x00000204e2b75930 Thread added: 0x00000204e2b75930
Event: 6.713 Thread 0x00000204e2b76270 Thread added: 0x00000204e2b76270
Event: 6.717 Thread 0x00000204e29615a0 Thread added: 0x00000204e29615a0
Event: 7.132 Thread 0x00000204e2a54720 Thread added: 0x00000204e2a54720
Event: 7.141 Loaded shared library C:\Program Files\Java\jdk-18.0.1\bin\javajpeg.dll
Event: 7.812 Thread 0x00000204e2b76270 Thread exited: 0x00000204e2b76270


Dynamic libraries:
0x00007ff6ac630000 - 0x00007ff6ac640000 	C:\Program Files\Java\jdk-18.0.1\bin\java.exe
0x00007ffaf0f70000 - 0x00007ffaf1168000 	C:\Windows\SYSTEM32\ntdll.dll
0x00007ffaf0930000 - 0x00007ffaf09ef000 	C:\Windows\System32\KERNEL32.DLL
0x00007ffaee660000 - 0x00007ffaee932000 	C:\Windows\System32\KERNELBASE.dll
0x00007ffaeecf0000 - 0x00007ffaeedf0000 	C:\Windows\System32\ucrtbase.dll
0x00007ffaeba20000 - 0x00007ffaeba38000 	C:\Program Files\Java\jdk-18.0.1\bin\jli.dll
0x00007ffaf09f0000 - 0x00007ffaf0a9e000 	C:\Windows\System32\ADVAPI32.dll
0x00007ffaefd30000 - 0x00007ffaefdce000 	C:\Windows\System32\msvcrt.dll
0x00007ffaef780000 - 0x00007ffaef81c000 	C:\Windows\System32\sechost.dll
0x00007ffaf0e00000 - 0x00007ffaf0f25000 	C:\Windows\System32\RPCRT4.dll
0x00007ffaefdd0000 - 0x00007ffaeff71000 	C:\Windows\System32\USER32.dll
0x00007ffaee940000 - 0x00007ffaee962000 	C:\Windows\System32\win32u.dll
0x00007ffaf06d0000 - 0x00007ffaf06fb000 	C:\Windows\System32\GDI32.dll
0x00007ffaeea80000 - 0x00007ffaeeb8f000 	C:\Windows\System32\gdi32full.dll
0x00007ffaeedf0000 - 0x00007ffaeee8d000 	C:\Windows\System32\msvcp_win.dll
0x00007ffae8ff0000 - 0x00007ffae900a000 	C:\Program Files\Java\jdk-18.0.1\bin\VCRUNTIME140.dll
0x00007ffacea70000 - 0x00007ffaced0a000 	C:\Windows\WinSxS\amd64_microsoft.windows.common-controls_6595b64144ccf1df_6.0.19041.1110_none_60b5254171f9507e\COMCTL32.dll
0x00007ffae7c80000 - 0x00007ffae7c8a000 	C:\Windows\SYSTEM32\VERSION.dll
0x00007ffaef3e0000 - 0x00007ffaef412000 	C:\Windows\System32\IMM32.DLL
0x00007ffaae850000 - 0x00007ffaae8c0000 	C:\Program Files\Emsisoft Anti-Malware\a2hooks64.dll
0x00007ffaed780000 - 0x00007ffaed7b3000 	C:\Windows\SYSTEM32\ntmarta.dll
0x00007ffae8fd0000 - 0x00007ffae8fdc000 	C:\Program Files\Java\jdk-18.0.1\bin\vcruntime140_1.dll
0x00007ffae77d0000 - 0x00007ffae785d000 	C:\Program Files\Java\jdk-18.0.1\bin\msvcp140.dll
0x00007ffa90200000 - 0x00007ffa90e10000 	C:\Program Files\Java\jdk-18.0.1\bin\server\jvm.dll
0x00007ffaef8a0000 - 0x00007ffaef8a8000 	C:\Windows\System32\PSAPI.DLL
0x00007ffaeba50000 - 0x00007ffaeba59000 	C:\Windows\SYSTEM32\WSOCK32.dll
0x00007ffaf08c0000 - 0x00007ffaf092b000 	C:\Windows\System32\WS2_32.dll
0x00007ffad1fa0000 - 0x00007ffad1fc7000 	C:\Windows\SYSTEM32\WINMM.dll
0x00007ffaeceb0000 - 0x00007ffaecec2000 	C:\Windows\SYSTEM32\kernel.appcore.dll
0x00007ffae8b30000 - 0x00007ffae8b3a000 	C:\Program Files\Java\jdk-18.0.1\bin\jimage.dll
0x00007ffaec400000 - 0x00007ffaec5e4000 	C:\Windows\SYSTEM32\DBGHELP.DLL
0x00007ffae6330000 - 0x00007ffae6365000 	C:\Windows\SYSTEM32\dbgcore.DLL
0x00000204c1ad0000 - 0x00000204c1b52000 	C:\Windows\System32\bcryptPrimitives.dll
0x00007ffae7760000 - 0x00007ffae776e000 	C:\Program Files\Java\jdk-18.0.1\bin\instrument.dll
0x00007ffae77a0000 - 0x00007ffae77c5000 	C:\Program Files\Java\jdk-18.0.1\bin\java.dll
0x00007ffab7830000 - 0x00007ffab7906000 	C:\Program Files\Java\jdk-18.0.1\bin\jsvml.dll
0x00000204e2000000 - 0x00000204e2744000 	C:\Windows\System32\SHELL32.dll
0x00007ffaec700000 - 0x00007ffaece92000 	C:\Windows\SYSTEM32\windows.storage.dll
0x00007ffaef420000 - 0x00007ffaef775000 	C:\Windows\System32\combase.dll
0x00007ffaedfe0000 - 0x00007ffaee010000 	C:\Windows\SYSTEM32\Wldp.dll
0x00000204c22a0000 - 0x00000204c234d000 	C:\Windows\System32\SHCORE.dll
0x00007ffaef380000 - 0x00007ffaef3d5000 	C:\Windows\System32\shlwapi.dll
0x00007ffaee5a0000 - 0x00007ffaee5bf000 	C:\Windows\SYSTEM32\profapi.dll
0x00007ffae7780000 - 0x00007ffae7798000 	C:\Program Files\Java\jdk-18.0.1\bin\zip.dll
0x00007ffae8b00000 - 0x00007ffae8b13000 	C:\Program Files\Java\jdk-18.0.1\bin\net.dll
0x00007ffae4cd0000 - 0x00007ffae4ddc000 	C:\Windows\SYSTEM32\WINHTTP.dll
0x00007ffaedd40000 - 0x00007ffaeddaa000 	C:\Windows\system32\mswsock.dll
0x00007ffae7e00000 - 0x00007ffae7e16000 	C:\Program Files\Java\jdk-18.0.1\bin\nio.dll
0x00007ffae7740000 - 0x00007ffae775a000 	C:\Program Files\JetBrains\IntelliJ IDEA Community Edition 2022.1.3\bin\breakgen64.dll
0x00007ffae7720000 - 0x00007ffae772e000 	C:\Program Files\Java\jdk-18.0.1\bin\sunmscapi.dll
0x00007ffaeeb90000 - 0x00007ffaeece6000 	C:\Windows\System32\CRYPT32.dll
0x00007ffaee050000 - 0x00007ffaee077000 	C:\Windows\SYSTEM32\ncrypt.dll
0x00007ffaee010000 - 0x00007ffaee04b000 	C:\Windows\SYSTEM32\NTASN1.dll
0x00007ffa9d2b0000 - 0x00007ffa9d43f000 	C:\Program Files\Java\jdk-18.0.1\bin\awt.dll
0x00007ffaf07f0000 - 0x00007ffaf08bd000 	C:\Windows\System32\OLEAUT32.dll
0x00007ffaebaa0000 - 0x00007ffaebb31000 	C:\Windows\SYSTEM32\apphelp.dll
0x00007ffaebe70000 - 0x00007ffaebe9f000 	C:\Windows\system32\DWMAPI.DLL
0x00007ffaebc90000 - 0x00007ffaebd2e000 	C:\Windows\system32\uxtheme.dll
0x00007ffad13f0000 - 0x00007ffad1515000 	C:\Windows\system32\opengl32.dll
0x00007ffae78a0000 - 0x00007ffae78cc000 	C:\Windows\SYSTEM32\GLU32.dll
0x00007ffaf0ce0000 - 0x00007ffaf0df5000 	C:\Windows\System32\MSCTF.dll
0x00007ffaf0bb0000 - 0x00007ffaf0cda000 	C:\Windows\System32\ole32.dll
0x00007ffae76f0000 - 0x00007ffae771d000 	C:\Program Files\Java\jdk-18.0.1\bin\javajpeg.dll

dbghelp: loaded successfully - version: 4.0.5 - missing functions: none
symbol engine: initialized successfully - sym options: 0x614 - pdb path: .;C:\Program Files\Java\jdk-18.0.1\bin;C:\Windows\SYSTEM32;C:\Windows\WinSxS\amd64_microsoft.windows.common-controls_6595b64144ccf1df_6.0.19041.1110_none_60b5254171f9507e;C:\Program Files\Emsisoft Anti-Malware;C:\Program Files\Java\jdk-18.0.1\bin\server;C:\Program Files\JetBrains\IntelliJ IDEA Community Edition 2022.1.3\bin

VM Arguments:
jvm_args: -javaagent:C:\Program Files\JetBrains\IntelliJ IDEA Community Edition 2022.1.3\lib\idea_rt.jar=56656:C:\Program Files\JetBrains\IntelliJ IDEA Community Edition 2022.1.3\bin -Dfile.encoding=UTF-8 
java_command: JavaCW2022.Main
java_class_path (initial): C:\Users\HP\IdeaProjects\newProjectJavaCW2022\out\production\newProjectJavaCW2022
Launcher Type: SUN_STANDARD

[Global flags]
     intx CICompilerCount                          = 4                                         {product} {ergonomic}
     uint ConcGCThreads                            = 2                                         {product} {ergonomic}
     uint G1ConcRefinementThreads                  = 8                                         {product} {ergonomic}
   size_t G1HeapRegionSize                         = 1048576                                   {product} {ergonomic}
    uintx GCDrainStackTargetSize                   = 64                                        {product} {ergonomic}
   size_t InitialHeapSize                          = 65011712                                  {product} {ergonomic}
   size_t MarkStackSize                            = 4194304                                   {product} {ergonomic}
   size_t MaxHeapSize                              = 1023410176                                {product} {ergonomic}
   size_t MaxNewSize                               = 613416960                                 {product} {ergonomic}
   size_t MinHeapDeltaBytes                        = 1048576                                   {product} {ergonomic}
   size_t MinHeapSize                              = 8388608                                   {product} {ergonomic}
    uintx NonNMethodCodeHeapSize                   = 5839372                                {pd product} {ergonomic}
    uintx NonProfiledCodeHeapSize                  = 122909434                              {pd product} {ergonomic}
    uintx ProfiledCodeHeapSize                     = 122909434                              {pd product} {ergonomic}
    uintx ReservedCodeCacheSize                    = 251658240                              {pd product} {ergonomic}
     bool SegmentedCodeCache                       = true                                      {product} {ergonomic}
   size_t SoftMaxHeapSize                          = 1023410176                             {manageable} {ergonomic}
     bool UseCompressedClassPointers               = true                           {product lp64_product} {ergonomic}
     bool UseCompressedOops                        = true                           {product lp64_product} {ergonomic}
     bool UseG1GC                                  = true                                      {product} {ergonomic}
     bool UseLargePagesIndividualAllocation        = false                                  {pd product} {ergonomic}

Logging:
Log output configuration:
 #0: stdout all=warning uptime,level,tags foldmultilines=false
 #1: stderr all=off uptime,level,tags foldmultilines=false

Environment Variables:
PATH=C:\Program Files\Common Files\Oracle\Java\javapath;C:\Windows\system32;C:\Windows;C:\Windows\System32\Wbem;C:\Windows\System32\WindowsPowerShell\v1.0\;C:\Windows\System32\OpenSSH\;C:\Program Files\Git\cmd;C:\Program Files (x86)\BaseX\bin;C:\Program Files\MySQL\MySQL Shell 8.0\bin\;C:\Users\HP\AppData\Local\Microsoft\WindowsApps;C:\Users\HP\AppData\Local\Programs\Microsoft VS Code\bin;C:\flutter\bin;
USERNAME=HP
OS=Windows_NT
PROCESSOR_IDENTIFIER=Intel64 Family 6 Model 142 Stepping 12, GenuineIntel



---------------  S Y S T E M  ---------------

OS:
 Windows 10 , 64 bit Build 19041 (10.0.19041.2364)
OS uptime: 3 days 23:53 hours

CPU: total 8 (initial active 8) (4 cores per cpu, 2 threads per core) family 6 model 142 stepping 12 microcode 0xde, cx8, cmov, fxsr, ht, mmx, 3dnowpref, sse, sse2, sse3, ssse3, sse4.1, sse4.2, popcnt, lzcnt, tsc, tscinvbit, avx, avx2, aes, erms, clmul, bmi1, bmi2, adx, fma, vzeroupper, clflush, clflushopt

Memory: 4k page, system-wide physical 3899M (35M free)
TotalPageFile size 15675M (AvailPageFile size 4M)
current process WorkingSet (physical memory assigned to process): 218M, peak: 238M
current process commit charge ("private bytes"): 406M, peak: 407M

vm_info: Java HotSpot(TM) 64-Bit Server VM (18.0.1+10-24) for windows-amd64 JRE (18.0.1+10-24), built on Mar  9 2022 22:41:56 by "mach5one" with MS VC++ 16.8 / 16.9 (VS2019)

END.
