#
# There is insufficient memory for the Java Runtime Environment to continue.
# Native memory allocation (mmap) failed to map 1048576 bytes for G1 virtual space
# Possible reasons:
#   The system is out of physical RAM or swap space
#   The process is running with CompressedOops enabled, and the Java Heap may be blocking the growth of the native heap
# Possible solutions:
#   Reduce memory load on the system
#   Increase physical memory or swap space
#   Check if swap backing store is full
#   Decrease Java heap size (-Xmx/-Xms)
#   Decrease number of Java threads
#   Decrease Java thread stack sizes (-Xss)
#   Set larger code cache with -XX:ReservedCodeCacheSize=
#   JVM is running with Unscaled Compressed Oops mode in which the Java heap is
#     placed in the first 4GB address space. The Java Heap base address is the
#     maximum limit for the native heap growth. Please use -XX:HeapBaseMinAddress
#     to set the Java Heap base and to place the Java Heap above 4GB virtual address.
# This output file may be truncated or incomplete.
#
#  Out of Memory Error (os_windows.cpp:3530), pid=19392, tid=18204
#
# JRE version: Java(TM) SE Runtime Environment (18.0.1+10) (build 18.0.1+10-24)
# Java VM: Java HotSpot(TM) 64-Bit Server VM (18.0.1+10-24, mixed mode, sharing, tiered, compressed oops, compressed class ptrs, g1 gc, windows-amd64)
# No core dump will be written. Minidumps are not enabled by default on client versions of Windows
#

---------------  S U M M A R Y ------------

Command Line: -javaagent:C:\Program Files\JetBrains\IntelliJ IDEA Community Edition 2022.1.3\lib\idea_rt.jar=56648:C:\Program Files\JetBrains\IntelliJ IDEA Community Edition 2022.1.3\bin -Dfile.encoding=UTF-8 JavaCW2022.Main

Host: Intel(R) Core(TM) i5-10210U CPU @ 1.60GHz, 8 cores, 3G,  Windows 10 , 64 bit Build 19041 (10.0.19041.2364)
Time: Sat Jan  7 19:14:10 2023 Sri Lanka Standard Time elapsed time: 7.928648 seconds (0d 0h 0m 7s)

---------------  T H R E A D  ---------------

Current thread (0x000001b06a747030):  JavaThread "Image Fetcher 0" daemon [_thread_in_vm, id=18204, stack(0x0000003be1300000,0x0000003be1400000)]

Stack: [0x0000003be1300000,0x0000003be1400000]
Native frames: (J=compiled Java code, j=interpreted, Vv=VM code, C=native code)
V  [jvm.dll+0x69887a]
V  [jvm.dll+0x7f38bd]
V  [jvm.dll+0x7f51ce]
V  [jvm.dll+0x7f5883]
V  [jvm.dll+0x25ca3f]
V  [jvm.dll+0x6957c9]
V  [jvm.dll+0x68a2fa]
V  [jvm.dll+0x321efb]
V  [jvm.dll+0x3298d6]
V  [jvm.dll+0x37e16b]
V  [jvm.dll+0x37e794]
V  [jvm.dll+0x37e346]
V  [jvm.dll+0x2fa284]
V  [jvm.dll+0x2f8256]
V  [jvm.dll+0x62d3e3]
V  [jvm.dll+0x2278e2]
V  [jvm.dll+0x7bb047]
V  [jvm.dll+0x3a2faa]
C  0x000001b05171b90d

Java frames: (J=compiled Java code, j=interpreted, Vv=VM code)
j  java.awt.image.DataBufferInt.<init>(I)V+11 java.desktop@18.0.1
j  java.awt.image.Raster.createPackedRaster(III[ILjava/awt/Point;)Ljava/awt/image/WritableRaster;+69 java.desktop@18.0.1
j  java.awt.image.DirectColorModel.createCompatibleWritableRaster(II)Ljava/awt/image/WritableRaster;+83 java.desktop@18.0.1
j  sun.awt.image.ImageRepresentation.createBufferedImage()V+18 java.desktop@18.0.1
j  sun.awt.image.ImageRepresentation.setPixels(IIIILjava/awt/image/ColorModel;[III)V+47 java.desktop@18.0.1
j  sun.awt.image.ImageDecoder.setPixels(IIIILjava/awt/image/ColorModel;[III)I+44 java.desktop@18.0.1
j  sun.awt.image.JPEGImageDecoder.sendPixels([II)Z+14 java.desktop@18.0.1
v  ~StubRoutines::call_stub
j  sun.awt.image.JPEGImageDecoder.readImage(Ljava/io/InputStream;[B)V+0 java.desktop@18.0.1
j  sun.awt.image.JPEGImageDecoder.produceImage()V+10 java.desktop@18.0.1
j  sun.awt.image.InputStreamImageSource.doFetch()V+51 java.desktop@18.0.1
j  sun.awt.image.ImageFetcher.fetchloop()V+31 java.desktop@18.0.1
j  sun.awt.image.ImageFetcher.run()V+5 java.desktop@18.0.1
v  ~StubRoutines::call_stub

---------------  P R O C E S S  ---------------

Threads class SMR info:
_java_thread_list=0x000001b06a61ba80, length=16, elements={
0x000001b049ddc530, 0x000001b049e86fb0, 0x000001b049e884c0, 0x000001b06582df00,
0x000001b065831560, 0x000001b065831f00, 0x000001b06583c040, 0x000001b065840c40,
0x000001b065841530, 0x000001b065841f10, 0x000001b0658fe950, 0x000001b06a458e20,
0x000001b06a4592e0, 0x000001b06a6ebc20, 0x000001b06a6b0b00, 0x000001b06a747030
}

Java Threads: ( => current thread )
  0x000001b049ddc530 JavaThread "main" [_thread_blocked, id=20244, stack(0x0000003bdfc00000,0x0000003bdfd00000)]
  0x000001b049e86fb0 JavaThread "Reference Handler" daemon [_thread_blocked, id=12972, stack(0x0000003be0300000,0x0000003be0400000)]
  0x000001b049e884c0 JavaThread "Finalizer" daemon [_thread_blocked, id=1484, stack(0x0000003be0400000,0x0000003be0500000)]
  0x000001b06582df00 JavaThread "Signal Dispatcher" daemon [_thread_blocked, id=20904, stack(0x0000003be0500000,0x0000003be0600000)]
  0x000001b065831560 JavaThread "Attach Listener" daemon [_thread_blocked, id=12824, stack(0x0000003be0600000,0x0000003be0700000)]
  0x000001b065831f00 JavaThread "Service Thread" daemon [_thread_blocked, id=13328, stack(0x0000003be0700000,0x0000003be0800000)]
  0x000001b06583c040 JavaThread "Monitor Deflation Thread" daemon [_thread_blocked, id=8948, stack(0x0000003be0800000,0x0000003be0900000)]
  0x000001b065840c40 JavaThread "C2 CompilerThread0" daemon [_thread_blocked, id=21396, stack(0x0000003be0900000,0x0000003be0a00000)]
  0x000001b065841530 JavaThread "C1 CompilerThread0" daemon [_thread_blocked, id=14416, stack(0x0000003be0a00000,0x0000003be0b00000)]
  0x000001b065841f10 JavaThread "Sweeper thread" daemon [_thread_blocked, id=4552, stack(0x0000003be0b00000,0x0000003be0c00000)]
  0x000001b0658fe950 JavaThread "Common-Cleaner" daemon [_thread_blocked, id=15976, stack(0x0000003be0c00000,0x0000003be0d00000)]
  0x000001b06a458e20 JavaThread "Monitor Ctrl-Break" daemon [_thread_in_native, id=14356, stack(0x0000003be0d00000,0x0000003be0e00000)]
  0x000001b06a4592e0 JavaThread "Notification Thread" daemon [_thread_blocked, id=12908, stack(0x0000003be0e00000,0x0000003be0f00000)]
  0x000001b06a6ebc20 JavaThread "Java2D Disposer" daemon [_thread_blocked, id=4656, stack(0x0000003be1000000,0x0000003be1100000)]
  0x000001b06a6b0b00 JavaThread "AWT-Windows" daemon [_thread_in_native, id=10848, stack(0x0000003be1200000,0x0000003be1300000)]
=>0x000001b06a747030 JavaThread "Image Fetcher 0" daemon [_thread_in_vm, id=18204, stack(0x0000003be1300000,0x0000003be1400000)]

Other Threads:
  0x000001b049e81970 VMThread "VM Thread" [stack: 0x0000003be0200000,0x0000003be0300000] [id=7880]
  0x000001b06a455830 WatcherThread "VM Periodic Task Thread" [stack: 0x0000003be0f00000,0x0000003be1000000] [id=6136]
  0x000001b049e1dcc0 WorkerThread "GC Thread#0" [stack: 0x0000003bdfd00000,0x0000003bdfe00000] [id=20036]
  0x000001b06a77a4e0 WorkerThread "GC Thread#1" [stack: 0x0000003be1100000,0x0000003be1200000] [id=20040]
  0x000001b06a6ae830 WorkerThread "GC Thread#2" [stack: 0x0000003be1400000,0x0000003be1500000] [id=11772]
  0x000001b06a79b7a0 WorkerThread "GC Thread#3" [stack: 0x0000003be1500000,0x0000003be1600000] [id=2072]
  0x000001b06a79ba40 WorkerThread "GC Thread#4" [stack: 0x0000003be1600000,0x0000003be1700000] [id=8064]
  0x000001b0658d1390 WorkerThread "GC Thread#5" [stack: 0x0000003be1700000,0x0000003be1800000] [id=16336]
  0x000001b0658d1630 WorkerThread "GC Thread#6" [stack: 0x0000003be1800000,0x0000003be1900000] [id=20392]
  0x000001b0658d18d0 WorkerThread "GC Thread#7" [stack: 0x0000003be1900000,0x0000003be1a00000] [id=19000]
  0x000001b049e26490 ConcurrentGCThread "G1 Main Marker" [stack: 0x0000003bdfe00000,0x0000003bdff00000] [id=16632]
  0x000001b049e27890 WorkerThread "G1 Conc#0" [stack: 0x0000003bdff00000,0x0000003be0000000] [id=12208]
  0x000001b049e5eac0 ConcurrentGCThread "G1 Refine#0" [stack: 0x0000003be0000000,0x0000003be0100000] [id=8132]
  0x000001b049e5f270 ConcurrentGCThread "G1 Service" [stack: 0x0000003be0100000,0x0000003be0200000] [id=13660]

Threads with active compile tasks:

VM state: not at safepoint (normal execution)

VM Mutex/Monitor currently owned by a thread:  ([mutex/lock_event])
[0x000001b049dd79b0] Heap_lock - owner thread: 0x000001b06a747030

Heap address: 0x00000000c3000000, size: 976 MB, Compressed Oops mode: 32-bit

CDS archive(s) mapped at: [0x0000000800000000-0x0000000800ba0000-0x0000000800ba0000), size 12189696, SharedBaseAddress: 0x0000000800000000, ArchiveRelocationMode: 0.
Compressed class space mapped at: 0x0000000800c00000-0x0000000840c00000, reserved size: 1073741824
Narrow klass base: 0x0000000800000000, Narrow klass shift: 0, Narrow klass range: 0x100000000

GC Precious Log:
 CardTable entry size: 512
 Card Set container configuration: InlinePtr #cards 5 size 8 Array Of Cards #cards 12 size 40 Howl #buckets 4 coarsen threshold 1843 Howl Bitmap #cards 512 size 80 coarsen threshold 460 Card regions per heap region 1 cards per card region 2048
 CPUs: 8 total, 8 available
 Memory: 3899M
 Large Page Support: Disabled
 NUMA Support: Disabled
 Compressed Oops: Enabled (32-bit)
 Heap Region Size: 1M
 Heap Min Capacity: 8M
 Heap Initial Capacity: 62M
 Heap Max Capacity: 976M
 Pre-touch: Disabled
 Parallel Workers: 8
 Concurrent Workers: 2
 Concurrent Refinement Workers: 8
 Periodic GC: Disabled

Heap:
 garbage-first heap   total 95232K, used 3168K [0x00000000c3000000, 0x0000000100000000)
  region size 1024K, 3 young (3072K), 3 survivors (3072K)
 Metaspace       used 6428K, committed 6656K, reserved 1114112K
  class space    used 690K, committed 832K, reserved 1048576K

Heap Regions: E=young(eden), S=young(survivor), O=old, HS=humongous(starts), HC=humongous(continues), CS=collection set, F=free, OA=open archive, CA=closed archive, TAMS=top-at-mark-start (previous, next)
|   0|0x00000000c3000000, 0x00000000c3018000, 0x00000000c3100000|  9%| O|  |TAMS 0x00000000c3000000, 0x00000000c3000000| Untracked 
|   1|0x00000000c3100000, 0x00000000c3100000, 0x00000000c3200000|  0%| F|  |TAMS 0x00000000c3100000, 0x00000000c3100000| Untracked 
|   2|0x00000000c3200000, 0x00000000c3200000, 0x00000000c3300000|  0%| F|  |TAMS 0x00000000c3200000, 0x00000000c3200000| Untracked 
|   3|0x00000000c3300000, 0x00000000c3300000, 0x00000000c3400000|  0%| F|  |TAMS 0x00000000c3300000, 0x00000000c3300000| Untracked 
|   4|0x00000000c3400000, 0x00000000c3400000, 0x00000000c3500000|  0%| F|  |TAMS 0x00000000c3400000, 0x00000000c3400000| Untracked 
|   5|0x00000000c3500000, 0x00000000c3500000, 0x00000000c3600000|  0%| F|  |TAMS 0x00000000c3500000, 0x00000000c3500000| Untracked 
|   6|0x00000000c3600000, 0x00000000c3600000, 0x00000000c3700000|  0%| F|  |TAMS 0x00000000c3600000, 0x00000000c3600000| Untracked 
|   7|0x00000000c3700000, 0x00000000c3700000, 0x00000000c3800000|  0%| F|  |TAMS 0x00000000c3700000, 0x00000000c3700000| Untracked 
|   8|0x00000000c3800000, 0x00000000c3800000, 0x00000000c3900000|  0%| F|  |TAMS 0x00000000c3800000, 0x00000000c3800000| Untracked 
|   9|0x00000000c3900000, 0x00000000c3900000, 0x00000000c3a00000|  0%| F|  |TAMS 0x00000000c3900000, 0x00000000c3900000| Untracked 
|  10|0x00000000c3a00000, 0x00000000c3a00000, 0x00000000c3b00000|  0%| F|  |TAMS 0x00000000c3a00000, 0x00000000c3a00000| Untracked 
|  11|0x00000000c3b00000, 0x00000000c3b00000, 0x00000000c3c00000|  0%| F|  |TAMS 0x00000000c3b00000, 0x00000000c3b00000| Untracked 
|  12|0x00000000c3c00000, 0x00000000c3c00000, 0x00000000c3d00000|  0%| F|  |TAMS 0x00000000c3c00000, 0x00000000c3c00000| Untracked 
|  13|0x00000000c3d00000, 0x00000000c3d00000, 0x00000000c3e00000|  0%| F|  |TAMS 0x00000000c3d00000, 0x00000000c3d00000| Untracked 
|  14|0x00000000c3e00000, 0x00000000c3e00000, 0x00000000c3f00000|  0%| F|  |TAMS 0x00000000c3e00000, 0x00000000c3e00000| Untracked 
|  15|0x00000000c3f00000, 0x00000000c3f00000, 0x00000000c4000000|  0%| F|  |TAMS 0x00000000c3f00000, 0x00000000c3f00000| Untracked 
|  16|0x00000000c4000000, 0x00000000c4000000, 0x00000000c4100000|  0%| F|  |TAMS 0x00000000c4000000, 0x00000000c4000000| Untracked 
|  17|0x00000000c4100000, 0x00000000c4100000, 0x00000000c4200000|  0%| F|  |TAMS 0x00000000c4100000, 0x00000000c4100000| Untracked 
|  18|0x00000000c4200000, 0x00000000c4200000, 0x00000000c4300000|  0%| F|  |TAMS 0x00000000c4200000, 0x00000000c4200000| Untracked 
|  19|0x00000000c4300000, 0x00000000c4300000, 0x00000000c4400000|  0%| F|  |TAMS 0x00000000c4300000, 0x00000000c4300000| Untracked 
|  20|0x00000000c4400000, 0x00000000c4400000, 0x00000000c4500000|  0%| F|  |TAMS 0x00000000c4400000, 0x00000000c4400000| Untracked 
|  21|0x00000000c4500000, 0x00000000c4500000, 0x00000000c4600000|  0%| F|  |TAMS 0x00000000c4500000, 0x00000000c4500000| Untracked 
|  22|0x00000000c4600000, 0x00000000c4600000, 0x00000000c4700000|  0%| F|  |TAMS 0x00000000c4600000, 0x00000000c4600000| Untracked 
|  23|0x00000000c4700000, 0x00000000c4700000, 0x00000000c4800000|  0%| F|  |TAMS 0x00000000c4700000, 0x00000000c4700000| Untracked 
|  24|0x00000000c4800000, 0x00000000c4800000, 0x00000000c4900000|  0%| F|  |TAMS 0x00000000c4800000, 0x00000000c4800000| Untracked 
|  25|0x00000000c4900000, 0x00000000c4900000, 0x00000000c4a00000|  0%| F|  |TAMS 0x00000000c4900000, 0x00000000c4900000| Untracked 
|  26|0x00000000c4a00000, 0x00000000c4a00000, 0x00000000c4b00000|  0%| F|  |TAMS 0x00000000c4a00000, 0x00000000c4a00000| Untracked 
|  27|0x00000000c4b00000, 0x00000000c4b00000, 0x00000000c4c00000|  0%| F|  |TAMS 0x00000000c4b00000, 0x00000000c4b00000| Untracked 
|  28|0x00000000c4c00000, 0x00000000c4c00000, 0x00000000c4d00000|  0%| F|  |TAMS 0x00000000c4c00000, 0x00000000c4c00000| Untracked 
|  29|0x00000000c4d00000, 0x00000000c4d00000, 0x00000000c4e00000|  0%| F|  |TAMS 0x00000000c4d00000, 0x00000000c4d00000| Untracked 
|  30|0x00000000c4e00000, 0x00000000c4e00000, 0x00000000c4f00000|  0%| F|  |TAMS 0x00000000c4e00000, 0x00000000c4e00000| Untracked 
|  31|0x00000000c4f00000, 0x00000000c4f00000, 0x00000000c5000000|  0%| F|  |TAMS 0x00000000c4f00000, 0x00000000c4f00000| Untracked 
|  32|0x00000000c5000000, 0x00000000c5000000, 0x00000000c5100000|  0%| F|  |TAMS 0x00000000c5000000, 0x00000000c5000000| Untracked 
|  33|0x00000000c5100000, 0x00000000c5100000, 0x00000000c5200000|  0%| F|  |TAMS 0x00000000c5100000, 0x00000000c5100000| Untracked 
|  34|0x00000000c5200000, 0x00000000c5200000, 0x00000000c5300000|  0%| F|  |TAMS 0x00000000c5200000, 0x00000000c5200000| Untracked 
|  35|0x00000000c5300000, 0x00000000c5300000, 0x00000000c5400000|  0%| F|  |TAMS 0x00000000c5300000, 0x00000000c5300000| Untracked 
|  36|0x00000000c5400000, 0x00000000c5400000, 0x00000000c5500000|  0%| F|  |TAMS 0x00000000c5400000, 0x00000000c5400000| Untracked 
|  37|0x00000000c5500000, 0x00000000c5500000, 0x00000000c5600000|  0%| F|  |TAMS 0x00000000c5500000, 0x00000000c5500000| Untracked 
|  38|0x00000000c5600000, 0x00000000c5600000, 0x00000000c5700000|  0%| F|  |TAMS 0x00000000c5600000, 0x00000000c5600000| Untracked 
|  39|0x00000000c5700000, 0x00000000c5700000, 0x00000000c5800000|  0%| F|  |TAMS 0x00000000c5700000, 0x00000000c5700000| Untracked 
|  40|0x00000000c5800000, 0x00000000c5800000, 0x00000000c5900000|  0%| F|  |TAMS 0x00000000c5800000, 0x00000000c5800000| Untracked 
|  41|0x00000000c5900000, 0x00000000c5900000, 0x00000000c5a00000|  0%| F|  |TAMS 0x00000000c5900000, 0x00000000c5900000| Untracked 
|  42|0x00000000c5a00000, 0x00000000c5a00000, 0x00000000c5b00000|  0%| F|  |TAMS 0x00000000c5a00000, 0x00000000c5a00000| Untracked 
|  43|0x00000000c5b00000, 0x00000000c5b00000, 0x00000000c5c00000|  0%| F|  |TAMS 0x00000000c5b00000, 0x00000000c5b00000| Untracked 
|  44|0x00000000c5c00000, 0x00000000c5c00000, 0x00000000c5d00000|  0%| F|  |TAMS 0x00000000c5c00000, 0x00000000c5c00000| Untracked 
|  45|0x00000000c5d00000, 0x00000000c5d00000, 0x00000000c5e00000|  0%| F|  |TAMS 0x00000000c5d00000, 0x00000000c5d00000| Untracked 
|  46|0x00000000c5e00000, 0x00000000c5e00000, 0x00000000c5f00000|  0%| F|  |TAMS 0x00000000c5e00000, 0x00000000c5e00000| Untracked 
|  47|0x00000000c5f00000, 0x00000000c5f00000, 0x00000000c6000000|  0%| F|  |TAMS 0x00000000c5f00000, 0x00000000c5f00000| Untracked 
|  48|0x00000000c6000000, 0x00000000c6000000, 0x00000000c6100000|  0%| F|  |TAMS 0x00000000c6000000, 0x00000000c6000000| Untracked 
|  49|0x00000000c6100000, 0x00000000c6100000, 0x00000000c6200000|  0%| F|  |TAMS 0x00000000c6100000, 0x00000000c6100000| Untracked 
|  50|0x00000000c6200000, 0x00000000c6200000, 0x00000000c6300000|  0%| F|  |TAMS 0x00000000c6200000, 0x00000000c6200000| Untracked 
|  51|0x00000000c6300000, 0x00000000c6400000, 0x00000000c6400000|100%| S|CS|TAMS 0x00000000c6300000, 0x00000000c6300000| Complete 
|  52|0x00000000c6400000, 0x00000000c6500000, 0x00000000c6500000|100%| S|CS|TAMS 0x00000000c6400000, 0x00000000c6400000| Complete 
|  53|0x00000000c6500000, 0x00000000c6600000, 0x00000000c6600000|100%| S|CS|TAMS 0x00000000c6500000, 0x00000000c6500000| Complete 
|  54|0x00000000c6600000, 0x00000000c6600000, 0x00000000c6700000|  0%| F|  |TAMS 0x00000000c6600000, 0x00000000c6600000| Untracked 
|  55|0x00000000c6700000, 0x00000000c6700000, 0x00000000c6800000|  0%| F|  |TAMS 0x00000000c6700000, 0x00000000c6700000| Untracked 
|  56|0x00000000c6800000, 0x00000000c6800000, 0x00000000c6900000|  0%| F|  |TAMS 0x00000000c6800000, 0x00000000c6800000| Untracked 
|  57|0x00000000c6900000, 0x00000000c6900000, 0x00000000c6a00000|  0%| F|  |TAMS 0x00000000c6900000, 0x00000000c6900000| Untracked 
|  58|0x00000000c6a00000, 0x00000000c6a00000, 0x00000000c6b00000|  0%| F|  |TAMS 0x00000000c6a00000, 0x00000000c6a00000| Untracked 
|  59|0x00000000c6b00000, 0x00000000c6b00000, 0x00000000c6c00000|  0%| F|  |TAMS 0x00000000c6b00000, 0x00000000c6b00000| Untracked 
|  60|0x00000000c6c00000, 0x00000000c6c00000, 0x00000000c6d00000|  0%| F|  |TAMS 0x00000000c6c00000, 0x00000000c6c00000| Untracked 
|  61|0x00000000c6d00000, 0x00000000c6d00000, 0x00000000c6e00000|  0%| F|  |TAMS 0x00000000c6d00000, 0x00000000c6d00000| Untracked 
|  62|0x00000000c6e00000, 0x00000000c6e00000, 0x00000000c6f00000|  0%| F|  |TAMS 0x00000000c6e00000, 0x00000000c6e00000| Untracked 
|  63|0x00000000c6f00000, 0x00000000c6f00000, 0x00000000c7000000|  0%| F|  |TAMS 0x00000000c6f00000, 0x00000000c6f00000| Untracked 
|  64|0x00000000c7000000, 0x00000000c7000000, 0x00000000c7100000|  0%| F|  |TAMS 0x00000000c7000000, 0x00000000c7000000| Untracked 
|  65|0x00000000c7100000, 0x00000000c7100000, 0x00000000c7200000|  0%| F|  |TAMS 0x00000000c7100000, 0x00000000c7100000| Untracked 
|  66|0x00000000c7200000, 0x00000000c7200000, 0x00000000c7300000|  0%| F|  |TAMS 0x00000000c7200000, 0x00000000c7200000| Untracked 
|  67|0x00000000c7300000, 0x00000000c7300000, 0x00000000c7400000|  0%| F|  |TAMS 0x00000000c7300000, 0x00000000c7300000| Untracked 
|  68|0x00000000c7400000, 0x00000000c7400000, 0x00000000c7500000|  0%| F|  |TAMS 0x00000000c7400000, 0x00000000c7400000| Untracked 
|  69|0x00000000c7500000, 0x00000000c7500000, 0x00000000c7600000|  0%| F|  |TAMS 0x00000000c7500000, 0x00000000c7500000| Untracked 
|  70|0x00000000c7600000, 0x00000000c7600000, 0x00000000c7700000|  0%| F|  |TAMS 0x00000000c7600000, 0x00000000c7600000| Untracked 
|  71|0x00000000c7700000, 0x00000000c7700000, 0x00000000c7800000|  0%| F|  |TAMS 0x00000000c7700000, 0x00000000c7700000| Untracked 
|  72|0x00000000c7800000, 0x00000000c7800000, 0x00000000c7900000|  0%| F|  |TAMS 0x00000000c7800000, 0x00000000c7800000| Untracked 
|  73|0x00000000c7900000, 0x00000000c7900000, 0x00000000c7a00000|  0%| F|  |TAMS 0x00000000c7900000, 0x00000000c7900000| Untracked 
|  74|0x00000000c7a00000, 0x00000000c7a00000, 0x00000000c7b00000|  0%| F|  |TAMS 0x00000000c7a00000, 0x00000000c7a00000| Untracked 
|  75|0x00000000c7b00000, 0x00000000c7b00000, 0x00000000c7c00000|  0%| F|  |TAMS 0x00000000c7b00000, 0x00000000c7b00000| Untracked 
|  76|0x00000000c7c00000, 0x00000000c7c00000, 0x00000000c7d00000|  0%| F|  |TAMS 0x00000000c7c00000, 0x00000000c7c00000| Untracked 
|  77|0x00000000c7d00000, 0x00000000c7d00000, 0x00000000c7e00000|  0%| F|  |TAMS 0x00000000c7d00000, 0x00000000c7d00000| Untracked 
|  78|0x00000000c7e00000, 0x00000000c7e00000, 0x00000000c7f00000|  0%| F|  |TAMS 0x00000000c7e00000, 0x00000000c7e00000| Untracked 
|  79|0x00000000c7f00000, 0x00000000c7f00000, 0x00000000c8000000|  0%| F|  |TAMS 0x00000000c7f00000, 0x00000000c7f00000| Untracked 
|  80|0x00000000c8000000, 0x00000000c8000000, 0x00000000c8100000|  0%| F|  |TAMS 0x00000000c8000000, 0x00000000c8000000| Untracked 
|  81|0x00000000c8100000, 0x00000000c8100000, 0x00000000c8200000|  0%| F|  |TAMS 0x00000000c8100000, 0x00000000c8100000| Untracked 
|  82|0x00000000c8200000, 0x00000000c8200000, 0x00000000c8300000|  0%| F|  |TAMS 0x00000000c8200000, 0x00000000c8200000| Untracked 
|  83|0x00000000c8300000, 0x00000000c8300000, 0x00000000c8400000|  0%| F|  |TAMS 0x00000000c8300000, 0x00000000c8300000| Untracked 
|  84|0x00000000c8400000, 0x00000000c8400000, 0x00000000c8500000|  0%| F|  |TAMS 0x00000000c8400000, 0x00000000c8400000| Untracked 
|  85|0x00000000c8500000, 0x00000000c8500000, 0x00000000c8600000|  0%| F|  |TAMS 0x00000000c8500000, 0x00000000c8500000| Untracked 
|  86|0x00000000c8600000, 0x00000000c8600000, 0x00000000c8700000|  0%| F|  |TAMS 0x00000000c8600000, 0x00000000c8600000| Untracked 
|  87|0x00000000c8700000, 0x00000000c8700000, 0x00000000c8800000|  0%| F|  |TAMS 0x00000000c8700000, 0x00000000c8700000| Untracked 
|  88|0x00000000c8800000, 0x00000000c8800000, 0x00000000c8900000|  0%| F|  |TAMS 0x00000000c8800000, 0x00000000c8800000| Untracked 
|  89|0x00000000c8900000, 0x00000000c8900000, 0x00000000c8a00000|  0%| F|  |TAMS 0x00000000c8900000, 0x00000000c8900000| Untracked 
|  90|0x00000000c8a00000, 0x00000000c8a00000, 0x00000000c8b00000|  0%| F|  |TAMS 0x00000000c8a00000, 0x00000000c8a00000| Untracked 
|  91|0x00000000c8b00000, 0x00000000c8b00000, 0x00000000c8c00000|  0%| F|  |TAMS 0x00000000c8b00000, 0x00000000c8b00000| Untracked 
|  92|0x00000000c8c00000, 0x00000000c8c00000, 0x00000000c8d00000|  0%| F|  |TAMS 0x00000000c8c00000, 0x00000000c8c00000| Untracked 

Card table byte_map: [0x000001b060c20000,0x000001b060e10000] _byte_map_base: 0x000001b060608000

Marking Bits (Prev, Next): (CMBitMap*) 0x000001b049e1e160, (CMBitMap*) 0x000001b049e1e1a0
 Prev Bits: [0x000001b061000000, 0x000001b061f40000)
 Next Bits: [0x000001b061f40000, 0x000001b062e80000)

Polling page: 0x000001b047b90000

Metaspace:

Usage:
  Non-class:      5.60 MB used.
      Class:    690.78 KB used.
       Both:      6.28 MB used.

Virtual space:
  Non-class space:       64.00 MB reserved,       5.69 MB (  9%) committed,  1 nodes.
      Class space:        1.00 GB reserved,     832.00 KB ( <1%) committed,  1 nodes.
             Both:        1.06 GB reserved,       6.50 MB ( <1%) committed. 

Chunk freelists:
   Non-Class:  2.22 MB
       Class:  3.23 MB
        Both:  5.44 MB

MaxMetaspaceSize: unlimited
CompressedClassSpaceSize: 1.00 GB
Initial GC threshold: 21.00 MB
Current GC threshold: 21.00 MB
CDS: on
MetaspaceReclaimPolicy: balanced
 - commit_granule_bytes: 65536.
 - commit_granule_words: 8192.
 - virtual_space_node_default_size: 8388608.
 - enlarge_chunks_in_place: 1.
 - new_chunks_are_fully_committed: 0.
 - uncommit_free_chunks: 1.
 - use_allocation_guard: 0.


Internal statistics:

num_allocs_failed_limit: 0.
num_arena_births: 130.
num_arena_deaths: 0.
num_vsnodes_births: 2.
num_vsnodes_deaths: 0.
num_space_committed: 104.
num_space_uncommitted: 0.
num_chunks_returned_to_freelist: 0.
num_chunks_taken_from_freelist: 185.
num_chunk_merges: 0.
num_chunk_splits: 104.
num_chunks_enlarged: 39.
num_inconsistent_stats: 0.

CodeHeap 'non-profiled nmethods': size=120000Kb used=254Kb max_used=254Kb free=119745Kb
 bounds [0x000001b0591d0000, 0x000001b059440000, 0x000001b060700000]
CodeHeap 'profiled nmethods': size=120000Kb used=1058Kb max_used=1058Kb free=118942Kb
 bounds [0x000001b051ca0000, 0x000001b051f10000, 0x000001b0591d0000]
CodeHeap 'non-nmethods': size=5760Kb used=1234Kb max_used=1244Kb free=4525Kb
 bounds [0x000001b051700000, 0x000001b051970000, 0x000001b051ca0000]
 total_blobs=1268 nmethods=730 adapters=451
 compilation: enabled
              stopped_count=0, restarted_count=0
 full_count=0

Compilation events (20 events):
Event: 4.272 Thread 0x000001b065841530  718       3       java.lang.invoke.MethodHandle::keepsAlive (20 bytes)
Event: 4.274 Thread 0x000001b065841530 nmethod 718 0x000001b051da5f10 code [0x000001b051da6160, 0x000001b051da6be8]
Event: 4.274 Thread 0x000001b065841530  721       3       jdk.internal.org.objectweb.asm.MethodWriter::visitAbstractType (8 bytes)
Event: 4.274 Thread 0x000001b065841530 nmethod 721 0x000001b051da6f10 code [0x000001b051da70a0, 0x000001b051da71d8]
Event: 4.274 Thread 0x000001b065841530  722       3       java.security.AccessController::executePrivileged (65 bytes)
Event: 4.275 Thread 0x000001b065841530 nmethod 722 0x000001b051da7290 code [0x000001b051da7460, 0x000001b051da7758]
Event: 4.560 Thread 0x000001b065841530  723       3       java.io.FileInputStream::available (5 bytes)
Event: 4.561 Thread 0x000001b065841530 nmethod 723 0x000001b051da7890 code [0x000001b051da7a20, 0x000001b051da7b68]
Event: 4.570 Thread 0x000001b065841530  725       3       java.io.BufferedInputStream::getInIfOpen (21 bytes)
Event: 4.570 Thread 0x000001b065841530 nmethod 725 0x000001b051da7c10 code [0x000001b051da7dc0, 0x000001b051da7fc8]
Event: 4.591 Thread 0x000001b065841530  726  s    3       java.io.BufferedInputStream::available (35 bytes)
Event: 4.591 Thread 0x000001b065841530 nmethod 726 0x000001b051da8090 code [0x000001b051da8260, 0x000001b051da86b8]
Event: 5.892 Thread 0x000001b065840c40  727       4       java.io.FileInputStream::available (5 bytes)
Event: 5.896 Thread 0x000001b065840c40 nmethod 727 0x000001b05920d910 code [0x000001b05920daa0, 0x000001b05920db48]
Event: 5.923 Thread 0x000001b065840c40  728  s    4       java.io.BufferedInputStream::available (35 bytes)
Event: 5.929 Thread 0x000001b065840c40 nmethod 728 0x000001b05920dc10 code [0x000001b05920dda0, 0x000001b05920e0c8]
Event: 5.934 Thread 0x000001b065840c40  729       4       java.io.BufferedInputStream::read1 (108 bytes)
Event: 5.941 Thread 0x000001b065840c40 nmethod 729 0x000001b05920e210 code [0x000001b05920e3a0, 0x000001b05920e5e8]
Event: 5.962 Thread 0x000001b065840c40  730  s    4       java.io.BufferedInputStream::read (113 bytes)
Event: 5.987 Thread 0x000001b065840c40 nmethod 730 0x000001b05920e810 code [0x000001b05920e9e0, 0x000001b05920f348]

GC Heap History (2 events):
Event: 7.859 GC heap before
{Heap before GC invocations=0 (full 0):
 garbage-first heap   total 63488K, used 7168K [0x00000000c3000000, 0x0000000100000000)
  region size 1024K, 8 young (8192K), 0 survivors (0K)
 Metaspace       used 6428K, committed 6656K, reserved 1114112K
  class space    used 690K, committed 832K, reserved 1048576K
}
Event: 7.898 GC heap after
{Heap after GC invocations=1 (full 0):
 garbage-first heap   total 63488K, used 3168K [0x00000000c3000000, 0x0000000100000000)
  region size 1024K, 3 young (3072K), 3 survivors (3072K)
 Metaspace       used 6428K, committed 6656K, reserved 1114112K
  class space    used 690K, committed 832K, reserved 1048576K
}

Deoptimization events (20 events):
Event: 4.161 Thread 0x000001b049ddc530 Uncommon trap: trap_request=0xffffffc6 fr.pc=0x000001b0591f41c0 relative=0x0000000000000b80
Event: 4.161 Thread 0x000001b049ddc530 Uncommon trap: reason=bimorphic_or_optimized_type_check action=maybe_recompile pc=0x000001b0591f41c0 method=java.util.HashMap.putVal(ILjava/lang/Object;Ljava/lang/Object;ZZ)Ljava/lang/Object; @ 56 c2
Event: 4.161 Thread 0x000001b049ddc530 DEOPT PACKING pc=0x000001b0591f41c0 sp=0x0000003bdfcfe900
Event: 4.161 Thread 0x000001b049ddc530 DEOPT UNPACKING pc=0x000001b0517523a3 sp=0x0000003bdfcfe820 mode 2
Event: 4.161 Thread 0x000001b049ddc530 Uncommon trap: trap_request=0xffffffc6 fr.pc=0x000001b0591f41c0 relative=0x0000000000000b80
Event: 4.161 Thread 0x000001b049ddc530 Uncommon trap: reason=bimorphic_or_optimized_type_check action=maybe_recompile pc=0x000001b0591f41c0 method=java.util.HashMap.putVal(ILjava/lang/Object;Ljava/lang/Object;ZZ)Ljava/lang/Object; @ 56 c2
Event: 4.161 Thread 0x000001b049ddc530 DEOPT PACKING pc=0x000001b0591f41c0 sp=0x0000003bdfcfe900
Event: 4.161 Thread 0x000001b049ddc530 DEOPT UNPACKING pc=0x000001b0517523a3 sp=0x0000003bdfcfe820 mode 2
Event: 4.161 Thread 0x000001b049ddc530 Uncommon trap: trap_request=0xffffffc6 fr.pc=0x000001b0591f41c0 relative=0x0000000000000b80
Event: 4.161 Thread 0x000001b049ddc530 Uncommon trap: reason=bimorphic_or_optimized_type_check action=maybe_recompile pc=0x000001b0591f41c0 method=java.util.HashMap.putVal(ILjava/lang/Object;Ljava/lang/Object;ZZ)Ljava/lang/Object; @ 56 c2
Event: 4.161 Thread 0x000001b049ddc530 DEOPT PACKING pc=0x000001b0591f41c0 sp=0x0000003bdfcfe900
Event: 4.161 Thread 0x000001b049ddc530 DEOPT UNPACKING pc=0x000001b0517523a3 sp=0x0000003bdfcfe820 mode 2
Event: 4.222 Thread 0x000001b049ddc530 Uncommon trap: trap_request=0xffffff45 fr.pc=0x000001b059209fd0 relative=0x00000000000009d0
Event: 4.222 Thread 0x000001b049ddc530 Uncommon trap: reason=unstable_if action=reinterpret pc=0x000001b059209fd0 method=java.util.HashMap.hash(Ljava/lang/Object;)I @ 1 c2
Event: 4.222 Thread 0x000001b049ddc530 DEOPT PACKING pc=0x000001b059209fd0 sp=0x0000003bdfcfeab0
Event: 4.222 Thread 0x000001b049ddc530 DEOPT UNPACKING pc=0x000001b0517523a3 sp=0x0000003bdfcfea50 mode 2
Event: 7.748 Thread 0x000001b06a747030 Uncommon trap: trap_request=0xffffff45 fr.pc=0x000001b05920f04c relative=0x000000000000066c
Event: 7.748 Thread 0x000001b06a747030 Uncommon trap: reason=unstable_if action=reinterpret pc=0x000001b05920f04c method=java.io.BufferedInputStream.read([BII)I @ 104 c2
Event: 7.748 Thread 0x000001b06a747030 DEOPT PACKING pc=0x000001b05920f04c sp=0x0000003be13fe720
Event: 7.755 Thread 0x000001b06a747030 DEOPT UNPACKING pc=0x000001b0517523a3 sp=0x0000003be13fe6f8 mode 2

Classes loaded (20 events):
Event: 4.258 Loading class sun/awt/image/JPEGImageDecoder$1
Event: 4.259 Loading class sun/awt/image/JPEGImageDecoder$1 done
Event: 4.929 Loading class sun/awt/AppContext$PostShutdownEventRunnable
Event: 4.929 Loading class sun/awt/AppContext$PostShutdownEventRunnable done
Event: 4.929 Loading class sun/awt/AWTAutoShutdown$1
Event: 4.930 Loading class sun/awt/AWTAutoShutdown$1 done
Event: 7.780 Loading class java/awt/image/Raster
Event: 7.823 Loading class java/awt/image/Raster done
Event: 7.835 Loading class java/awt/image/DataBufferInt
Event: 7.837 Loading class java/awt/image/DataBuffer
Event: 7.840 Loading class java/awt/image/DataBuffer done
Event: 7.840 Loading class java/awt/image/DataBufferInt done
Event: 7.840 Loading class java/awt/image/DataBuffer$1
Event: 7.842 Loading class sun/awt/image/SunWritableRaster$DataStealer
Event: 7.844 Loading class sun/awt/image/SunWritableRaster$DataStealer done
Event: 7.844 Loading class java/awt/image/DataBuffer$1 done
Event: 7.844 Loading class sun/awt/image/SunWritableRaster
Event: 7.846 Loading class java/awt/image/WritableRaster
Event: 7.849 Loading class java/awt/image/WritableRaster done
Event: 7.849 Loading class sun/awt/image/SunWritableRaster done

Classes unloaded (0 events):
No events

Classes redefined (0 events):
No events

Internal exceptions (18 events):
Event: 0.401 Thread 0x000001b049ddc530 Exception <a 'java/lang/NoSuchMethodError'{0x00000000c6cad740}: 'void java.lang.invoke.DirectMethodHandle$Holder.invokeStatic(java.lang.Object, java.lang.Object, java.lang.Object)'> (0x00000000c6cad740) 
thrown [s\open\src\hotspot\share\interpreter\linkResolver.cpp, line 766]
Event: 0.415 Thread 0x000001b049ddc530 Exception <a 'java/lang/NoSuchMethodError'{0x00000000c6cc6458}: 'java.lang.Object java.lang.invoke.Invokers$Holder.invokeExact_MT(java.lang.Object, java.lang.Object, java.lang.Object, java.lang.Object, java.lang.Object)'> (0x00000000c6cc6458) 
thrown [s\open\src\hotspot\share\interpreter\linkResolver.cpp, line 766]
Event: 0.460 Thread 0x000001b06a458e20 Exception <a 'java/lang/NoSuchMethodError'{0x00000000c6cf2ac8}: 'void java.lang.invoke.DirectMethodHandle$Holder.invokeStatic(java.lang.Object, java.lang.Object)'> (0x00000000c6cf2ac8) 
thrown [s\open\src\hotspot\share\interpreter\linkResolver.cpp, line 766]
Event: 0.647 Thread 0x000001b049ddc530 Exception <a 'sun/nio/fs/WindowsException'{0x00000000c6a68bd8}> (0x00000000c6a68bd8) 
thrown [s\open\src\hotspot\share\prims\jni.cpp, line 516]
Event: 0.724 Thread 0x000001b049ddc530 Exception <a 'java/lang/NoSuchMethodError'{0x00000000c6a9ca58}: 'java.lang.Object java.lang.invoke.DirectMethodHandle$Holder.invokeStaticInit(java.lang.Object, int, int, int, int)'> (0x00000000c6a9ca58) 
thrown [s\open\src\hotspot\share\interpreter\linkResolver.cpp, line 766]
Event: 1.267 Thread 0x000001b065831560 Exception <a 'java/lang/NoSuchMethodError'{0x00000000c69d0628}: 'java.lang.Object java.lang.invoke.Invokers$Holder.invokeExact_MT(java.lang.Object, java.lang.Object, java.lang.Object, java.lang.Object, java.lang.Object, java.lang.Object)'> (0x00000000c69d0628) 
thrown [s\open\src\hotspot\share\interpreter\linkResolver.cpp, line 766]
Event: 3.385 Thread 0x000001b049ddc530 Exception <a 'java/lang/ClassNotFoundException'{0x00000000c6ad8548}: sun/awt/resources/spi/awtProvider> (0x00000000c6ad8548) 
thrown [s\open\src\hotspot\share\classfile\systemDictionary.cpp, line 255]
Event: 3.517 Thread 0x000001b049ddc530 Exception <a 'java/io/FileNotFoundException'{0x00000000c682c6e8}> (0x00000000c682c6e8) 
thrown [s\open\src\hotspot\share\prims\jni.cpp, line 516]
Event: 3.535 Thread 0x000001b049ddc530 Exception <a 'java/io/FileNotFoundException'{0x00000000c68595e0}> (0x00000000c68595e0) 
thrown [s\open\src\hotspot\share\prims\jni.cpp, line 516]
Event: 3.819 Thread 0x000001b049ddc530 Exception <a 'java/lang/NoSuchMethodError'{0x00000000c6892cf8}: 'java.lang.Object java.lang.invoke.DirectMethodHandle$Holder.invokeStaticInit(java.lang.Object)'> (0x00000000c6892cf8) 
thrown [s\open\src\hotspot\share\interpreter\linkResolver.cpp, line 766]
Event: 4.014 Thread 0x000001b049ddc530 Exception <a 'java/lang/NoSuchMethodError'{0x00000000c68da5e0}: 'void java.lang.invoke.DirectMethodHandle$Holder.invokeSpecial(java.lang.Object, java.lang.Object, java.lang.Object)'> (0x00000000c68da5e0) 
thrown [s\open\src\hotspot\share\interpreter\linkResolver.cpp, line 766]
Event: 4.046 Thread 0x000001b049ddc530 Exception <a 'java/lang/NoSuchMethodError'{0x00000000c6719b50}: 'java.lang.Object java.lang.invoke.DirectMethodHandle$Holder.newInvokeSpecial(java.lang.Object, java.lang.Object, java.lang.Object, java.lang.Object, java.lang.Object)'> (0x00000000c6719b50) 
thrown [s\open\src\hotspot\share\interpreter\linkResolver.cpp, line 766]
Event: 4.069 Thread 0x000001b049ddc530 Exception <a 'java/lang/NoSuchMethodError'{0x00000000c674ade0}: 'java.lang.Object java.lang.invoke.DirectMethodHandle$Holder.invokeStatic(java.lang.Object, int, java.lang.Object)'> (0x00000000c674ade0) 
thrown [s\open\src\hotspot\share\interpreter\linkResolver.cpp, line 766]
Event: 4.158 Thread 0x000001b049ddc530 Exception <a 'java/lang/ClassNotFoundException'{0x00000000c660bc38}: com/sun/swing/internal/plaf/metal/resources/spi/metalProvider> (0x00000000c660bc38) 
thrown [s\open\src\hotspot\share\classfile\systemDictionary.cpp, line 255]
Event: 4.162 Thread 0x000001b049ddc530 Exception <a 'java/lang/ClassNotFoundException'{0x00000000c660fc90}: com/sun/swing/internal/plaf/basic/resources/spi/basicProvider> (0x00000000c660fc90) 
thrown [s\open\src\hotspot\share\classfile\systemDictionary.cpp, line 255]
Event: 4.200 Thread 0x000001b049ddc530 Exception <a 'java/lang/NoSuchMethodError'{0x00000000c662c820}: 'int java.lang.invoke.Invokers$Holder.invokeExact_MT(java.lang.Object, java.lang.Object)'> (0x00000000c662c820) 
thrown [s\open\src\hotspot\share\interpreter\linkResolver.cpp, line 766]
Event: 4.222 Thread 0x000001b049ddc530 Implicit null exception at 0x000001b059209640 to 0x000001b059209fb4
Event: 4.271 Thread 0x000001b06a747030 Exception <a 'java/lang/NoSuchMethodError'{0x00000000c6682108}: 'java.lang.Object java.lang.invoke.DirectMethodHandle$Holder.newInvokeSpecial(java.lang.Object, java.lang.Object, java.lang.Object, int, int, int, int, int)'> (0x00000000c6682108) 
thrown [s\open\src\hotspot\share\interpreter\linkResolver.cpp, line 766]

VM Operations (16 events):
Event: 0.328 Executing VM operation: HandshakeAllThreads
Event: 0.328 Executing VM operation: HandshakeAllThreads done
Event: 0.438 Executing VM operation: HandshakeAllThreads
Event: 0.438 Executing VM operation: HandshakeAllThreads done
Event: 1.439 Executing VM operation: Cleanup
Event: 1.439 Executing VM operation: Cleanup done
Event: 4.211 Executing VM operation: HandshakeAllThreads
Event: 4.211 Executing VM operation: HandshakeAllThreads done
Event: 4.211 Executing VM operation: Cleanup
Event: 4.211 Executing VM operation: Cleanup done
Event: 5.221 Executing VM operation: Cleanup
Event: 5.221 Executing VM operation: Cleanup done
Event: 6.230 Executing VM operation: Cleanup
Event: 6.230 Executing VM operation: Cleanup done
Event: 7.853 Executing VM operation: G1TryInitiateConcMark
Event: 7.898 Executing VM operation: G1TryInitiateConcMark done

Events (20 events):
Event: 0.218 Thread 0x000001b065841530 Thread added: 0x000001b065841530
Event: 0.218 Thread 0x000001b065841f10 Thread added: 0x000001b065841f10
Event: 0.310 Thread 0x000001b0658fe950 Thread added: 0x000001b0658fe950
Event: 0.362 Loaded shared library C:\Program Files\Java\jdk-18.0.1\bin\zip.dll
Event: 0.370 Loaded shared library C:\Program Files\Java\jdk-18.0.1\bin\instrument.dll
Event: 0.388 Loaded shared library C:\Program Files\Java\jdk-18.0.1\bin\net.dll
Event: 0.393 Loaded shared library C:\Program Files\Java\jdk-18.0.1\bin\nio.dll
Event: 0.399 Loaded shared library C:\Program Files\Java\jdk-18.0.1\bin\zip.dll
Event: 0.427 Loaded shared library C:\Program Files\JetBrains\IntelliJ IDEA Community Edition 2022.1.3\bin\breakgen64.dll
Event: 0.429 Thread 0x000001b06a458e20 Thread added: 0x000001b06a458e20
Event: 0.429 Thread 0x000001b06a4592e0 Thread added: 0x000001b06a4592e0
Event: 0.471 Loaded shared library C:\Program Files\Java\jdk-18.0.1\bin\jimage.dll
Event: 0.772 Loaded shared library C:\Program Files\Java\jdk-18.0.1\bin\sunmscapi.dll
Event: 3.441 Loaded shared library C:\Program Files\Java\jdk-18.0.1\bin\awt.dll
Event: 3.822 Thread 0x000001b06a6ebc20 Thread added: 0x000001b06a6ebc20
Event: 3.824 Thread 0x000001b06a622b40 Thread added: 0x000001b06a622b40
Event: 3.828 Thread 0x000001b06a6b0b00 Thread added: 0x000001b06a6b0b00
Event: 4.255 Thread 0x000001b06a747030 Thread added: 0x000001b06a747030
Event: 4.265 Loaded shared library C:\Program Files\Java\jdk-18.0.1\bin\javajpeg.dll
Event: 4.930 Thread 0x000001b06a622b40 Thread exited: 0x000001b06a622b40


Dynamic libraries:
0x00007ff6025c0000 - 0x00007ff6025d0000 	C:\Program Files\Java\jdk-18.0.1\bin\java.exe
0x00007ffaf0f70000 - 0x00007ffaf1168000 	C:\Windows\SYSTEM32\ntdll.dll
0x00007ffaf0930000 - 0x00007ffaf09ef000 	C:\Windows\System32\KERNEL32.DLL
0x00007ffaee660000 - 0x00007ffaee932000 	C:\Windows\System32\KERNELBASE.dll
0x00007ffaeecf0000 - 0x00007ffaeedf0000 	C:\Windows\System32\ucrtbase.dll
0x00007ffaeba20000 - 0x00007ffaeba38000 	C:\Program Files\Java\jdk-18.0.1\bin\jli.dll
0x00007ffaf09f0000 - 0x00007ffaf0a9e000 	C:\Windows\System32\ADVAPI32.dll
0x00007ffaefd30000 - 0x00007ffaefdce000 	C:\Windows\System32\msvcrt.dll
0x00007ffaef780000 - 0x00007ffaef81c000 	C:\Windows\System32\sechost.dll
0x00007ffaf0e00000 - 0x00007ffaf0f25000 	C:\Windows\System32\RPCRT4.dll
0x00007ffaefdd0000 - 0x00007ffaeff71000 	C:\Windows\System32\USER32.dll
0x00007ffaee940000 - 0x00007ffaee962000 	C:\Windows\System32\win32u.dll
0x00007ffaf06d0000 - 0x00007ffaf06fb000 	C:\Windows\System32\GDI32.dll
0x00007ffaeea80000 - 0x00007ffaeeb8f000 	C:\Windows\System32\gdi32full.dll
0x00007ffaeedf0000 - 0x00007ffaeee8d000 	C:\Windows\System32\msvcp_win.dll
0x00007ffae8ff0000 - 0x00007ffae900a000 	C:\Program Files\Java\jdk-18.0.1\bin\VCRUNTIME140.dll
0x00007ffacea70000 - 0x00007ffaced0a000 	C:\Windows\WinSxS\amd64_microsoft.windows.common-controls_6595b64144ccf1df_6.0.19041.1110_none_60b5254171f9507e\COMCTL32.dll
0x00007ffae7c80000 - 0x00007ffae7c8a000 	C:\Windows\SYSTEM32\VERSION.dll
0x00007ffaef3e0000 - 0x00007ffaef412000 	C:\Windows\System32\IMM32.DLL
0x00007ffaae850000 - 0x00007ffaae8c0000 	C:\Program Files\Emsisoft Anti-Malware\a2hooks64.dll
0x00007ffaed780000 - 0x00007ffaed7b3000 	C:\Windows\SYSTEM32\ntmarta.dll
0x00007ffae8fd0000 - 0x00007ffae8fdc000 	C:\Program Files\Java\jdk-18.0.1\bin\vcruntime140_1.dll
0x00007ffae77d0000 - 0x00007ffae785d000 	C:\Program Files\Java\jdk-18.0.1\bin\msvcp140.dll
0x00007ffa90200000 - 0x00007ffa90e10000 	C:\Program Files\Java\jdk-18.0.1\bin\server\jvm.dll
0x00007ffaef8a0000 - 0x00007ffaef8a8000 	C:\Windows\System32\PSAPI.DLL
0x00007ffaeba50000 - 0x00007ffaeba59000 	C:\Windows\SYSTEM32\WSOCK32.dll
0x00007ffaf08c0000 - 0x00007ffaf092b000 	C:\Windows\System32\WS2_32.dll
0x00007ffad1fa0000 - 0x00007ffad1fc7000 	C:\Windows\SYSTEM32\WINMM.dll
0x00007ffaeceb0000 - 0x00007ffaecec2000 	C:\Windows\SYSTEM32\kernel.appcore.dll
0x00007ffae8b30000 - 0x00007ffae8b3a000 	C:\Program Files\Java\jdk-18.0.1\bin\jimage.dll
0x00007ffaec400000 - 0x00007ffaec5e4000 	C:\Windows\SYSTEM32\DBGHELP.DLL
0x00007ffae6330000 - 0x00007ffae6365000 	C:\Windows\SYSTEM32\dbgcore.DLL
0x000001b047ca0000 - 0x000001b047d22000 	C:\Windows\System32\bcryptPrimitives.dll
0x00007ffae8b10000 - 0x00007ffae8b1e000 	C:\Program Files\Java\jdk-18.0.1\bin\instrument.dll
0x00007ffae77a0000 - 0x00007ffae77c5000 	C:\Program Files\Java\jdk-18.0.1\bin\java.dll
0x00007ffab68b0000 - 0x00007ffab6986000 	C:\Program Files\Java\jdk-18.0.1\bin\jsvml.dll
0x000001b069c00000 - 0x000001b06a344000 	C:\Windows\System32\SHELL32.dll
0x00007ffaec700000 - 0x00007ffaece92000 	C:\Windows\SYSTEM32\windows.storage.dll
0x00007ffaef420000 - 0x00007ffaef775000 	C:\Windows\System32\combase.dll
0x00007ffaedfe0000 - 0x00007ffaee010000 	C:\Windows\SYSTEM32\Wldp.dll
0x000001b049cc0000 - 0x000001b049d6d000 	C:\Windows\System32\SHCORE.dll
0x00007ffaef380000 - 0x00007ffaef3d5000 	C:\Windows\System32\shlwapi.dll
0x00007ffaee5a0000 - 0x00007ffaee5bf000 	C:\Windows\SYSTEM32\profapi.dll
0x00007ffae7780000 - 0x00007ffae7798000 	C:\Program Files\Java\jdk-18.0.1\bin\zip.dll
0x00007ffae7e00000 - 0x00007ffae7e13000 	C:\Program Files\Java\jdk-18.0.1\bin\net.dll
0x00007ffae4cd0000 - 0x00007ffae4ddc000 	C:\Windows\SYSTEM32\WINHTTP.dll
0x00007ffaedd40000 - 0x00007ffaeddaa000 	C:\Windows\system32\mswsock.dll
0x00007ffae7760000 - 0x00007ffae7776000 	C:\Program Files\Java\jdk-18.0.1\bin\nio.dll
0x00007ffae7740000 - 0x00007ffae775a000 	C:\Program Files\JetBrains\IntelliJ IDEA Community Edition 2022.1.3\bin\breakgen64.dll
0x00007ffae8b00000 - 0x00007ffae8b0e000 	C:\Program Files\Java\jdk-18.0.1\bin\sunmscapi.dll
0x00007ffaeeb90000 - 0x00007ffaeece6000 	C:\Windows\System32\CRYPT32.dll
0x00007ffaee050000 - 0x00007ffaee077000 	C:\Windows\SYSTEM32\ncrypt.dll
0x00007ffaee010000 - 0x00007ffaee04b000 	C:\Windows\SYSTEM32\NTASN1.dll
0x00007ffa9d2b0000 - 0x00007ffa9d43f000 	C:\Program Files\Java\jdk-18.0.1\bin\awt.dll
0x00007ffaf07f0000 - 0x00007ffaf08bd000 	C:\Windows\System32\OLEAUT32.dll
0x00007ffaebaa0000 - 0x00007ffaebb31000 	C:\Windows\SYSTEM32\apphelp.dll
0x00007ffaebe70000 - 0x00007ffaebe9f000 	C:\Windows\system32\DWMAPI.DLL
0x00007ffaebc90000 - 0x00007ffaebd2e000 	C:\Windows\system32\uxtheme.dll
0x00007ffad13f0000 - 0x00007ffad1515000 	C:\Windows\system32\opengl32.dll
0x00007ffae78a0000 - 0x00007ffae78cc000 	C:\Windows\SYSTEM32\GLU32.dll
0x00007ffaf0ce0000 - 0x00007ffaf0df5000 	C:\Windows\System32\MSCTF.dll
0x00007ffaf0bb0000 - 0x00007ffaf0cda000 	C:\Windows\System32\ole32.dll
0x00007ffae76f0000 - 0x00007ffae771d000 	C:\Program Files\Java\jdk-18.0.1\bin\javajpeg.dll

dbghelp: loaded successfully - version: 4.0.5 - missing functions: none
symbol engine: initialized successfully - sym options: 0x614 - pdb path: .;C:\Program Files\Java\jdk-18.0.1\bin;C:\Windows\SYSTEM32;C:\Windows\WinSxS\amd64_microsoft.windows.common-controls_6595b64144ccf1df_6.0.19041.1110_none_60b5254171f9507e;C:\Program Files\Emsisoft Anti-Malware;C:\Program Files\Java\jdk-18.0.1\bin\server;C:\Program Files\JetBrains\IntelliJ IDEA Community Edition 2022.1.3\bin

VM Arguments:
jvm_args: -javaagent:C:\Program Files\JetBrains\IntelliJ IDEA Community Edition 2022.1.3\lib\idea_rt.jar=56648:C:\Program Files\JetBrains\IntelliJ IDEA Community Edition 2022.1.3\bin -Dfile.encoding=UTF-8 
java_command: JavaCW2022.Main
java_class_path (initial): C:\Users\HP\IdeaProjects\newProjectJavaCW2022\out\production\newProjectJavaCW2022
Launcher Type: SUN_STANDARD

[Global flags]
     intx CICompilerCount                          = 4                                         {product} {ergonomic}
     uint ConcGCThreads                            = 2                                         {product} {ergonomic}
     uint G1ConcRefinementThreads                  = 8                                         {product} {ergonomic}
   size_t G1HeapRegionSize                         = 1048576                                   {product} {ergonomic}
    uintx GCDrainStackTargetSize                   = 64                                        {product} {ergonomic}
   size_t InitialHeapSize                          = 65011712                                  {product} {ergonomic}
   size_t MarkStackSize                            = 4194304                                   {product} {ergonomic}
   size_t MaxHeapSize                              = 1023410176                                {product} {ergonomic}
   size_t MaxNewSize                               = 613416960                                 {product} {ergonomic}
   size_t MinHeapDeltaBytes                        = 1048576                                   {product} {ergonomic}
   size_t MinHeapSize                              = 8388608                                   {product} {ergonomic}
    uintx NonNMethodCodeHeapSize                   = 5839372                                {pd product} {ergonomic}
    uintx NonProfiledCodeHeapSize                  = 122909434                              {pd product} {ergonomic}
    uintx ProfiledCodeHeapSize                     = 122909434                              {pd product} {ergonomic}
    uintx ReservedCodeCacheSize                    = 251658240                              {pd product} {ergonomic}
     bool SegmentedCodeCache                       = true                                      {product} {ergonomic}
   size_t SoftMaxHeapSize                          = 1023410176                             {manageable} {ergonomic}
     bool UseCompressedClassPointers               = true                           {product lp64_product} {ergonomic}
     bool UseCompressedOops                        = true                           {product lp64_product} {ergonomic}
     bool UseG1GC                                  = true                                      {product} {ergonomic}
     bool UseLargePagesIndividualAllocation        = false                                  {pd product} {ergonomic}

Logging:
Log output configuration:
 #0: stdout all=warning uptime,level,tags foldmultilines=false
 #1: stderr all=off uptime,level,tags foldmultilines=false

Environment Variables:
PATH=C:\Program Files\Common Files\Oracle\Java\javapath;C:\Windows\system32;C:\Windows;C:\Windows\System32\Wbem;C:\Windows\System32\WindowsPowerShell\v1.0\;C:\Windows\System32\OpenSSH\;C:\Program Files\Git\cmd;C:\Program Files (x86)\BaseX\bin;C:\Program Files\MySQL\MySQL Shell 8.0\bin\;C:\Users\HP\AppData\Local\Microsoft\WindowsApps;C:\Users\HP\AppData\Local\Programs\Microsoft VS Code\bin;C:\flutter\bin;
USERNAME=HP
OS=Windows_NT
PROCESSOR_IDENTIFIER=Intel64 Family 6 Model 142 Stepping 12, GenuineIntel



---------------  S Y S T E M  ---------------

OS:
 Windows 10 , 64 bit Build 19041 (10.0.19041.2364)
OS uptime: 3 days 23:51 hours

CPU: total 8 (initial active 8) (4 cores per cpu, 2 threads per core) family 6 model 142 stepping 12 microcode 0xde, cx8, cmov, fxsr, ht, mmx, 3dnowpref, sse, sse2, sse3, ssse3, sse4.1, sse4.2, popcnt, lzcnt, tsc, tscinvbit, avx, avx2, aes, erms, clmul, bmi1, bmi2, adx, fma, vzeroupper, clflush, clflushopt

Memory: 4k page, system-wide physical 3899M (63M free)
TotalPageFile size 15675M (AvailPageFile size 5M)
current process WorkingSet (physical memory assigned to process): 233M, peak: 236M
current process commit charge ("private bytes"): 400M, peak: 401M

vm_info: Java HotSpot(TM) 64-Bit Server VM (18.0.1+10-24) for windows-amd64 JRE (18.0.1+10-24), built on Mar  9 2022 22:41:56 by "mach5one" with MS VC++ 16.8 / 16.9 (VS2019)

END.
